
========================[ Aug 3, 2010 11:43 AM ]========================
Version 2.2.15 [Oct-15-2006]
Started database file "/usr/local/scratch/temp_best_refs.fna"
NOTE: CoreLib [002.003] FileOpen(".formatdbrc","r") failed
NOTE: CoreLib [002.003] FileOpen("/home/tstockwe/.formatdbrc","r") failed
NOTE: [000.000] No number of link bits used found in config  file. Ignoring
NOTE: [000.000] No number of membership bits used found in config file. Ignoring
Formatted 8 sequences in volume 0
SUCCESS: formatted database /usr/local/scratch/temp_best_refs.fna

========================[ Aug 3, 2010 11:47 AM ]========================
Version 2.2.15 [Oct-15-2006]
Started database file "/usr/local/scratch/temp_best_refs.fna"
NOTE: CoreLib [002.003] FileOpen(".formatdbrc","r") failed
NOTE: CoreLib [002.003] FileOpen("/home/tstockwe/.formatdbrc","r") failed
NOTE: [000.000] No number of link bits used found in config  file. Ignoring
NOTE: [000.000] No number of membership bits used found in config file. Ignoring
Formatted 8 sequences in volume 0
SUCCESS: formatted database /usr/local/scratch/temp_best_refs.fna

========================[ Aug 3, 2010 11:54 AM ]========================
Version 2.2.15 [Oct-15-2006]
Started database file "/usr/local/scratch/temp_best_refs.fna"
NOTE: CoreLib [002.003] FileOpen(".formatdbrc","r") failed
NOTE: CoreLib [002.003] FileOpen("/home/tstockwe/.formatdbrc","r") failed
NOTE: [000.000] No number of link bits used found in config  file. Ignoring
NOTE: [000.000] No number of membership bits used found in config file. Ignoring
Formatted 8 sequences in volume 0
SUCCESS: formatted database /usr/local/scratch/temp_best_refs.fna

========================[ Aug 3, 2010 11:58 AM ]========================
Version 2.2.15 [Oct-15-2006]
Started database file "/usr/local/scratch/temp_best_refs.fna"
NOTE: CoreLib [002.003] FileOpen(".formatdbrc","r") failed
NOTE: CoreLib [002.003] FileOpen("/home/tstockwe/.formatdbrc","r") failed
NOTE: [000.000] No number of link bits used found in config  file. Ignoring
NOTE: [000.000] No number of membership bits used found in config file. Ignoring
Formatted 8 sequences in volume 0
SUCCESS: formatted database /usr/local/scratch/temp_best_refs.fna

========================[ Aug 3, 2010 12:01 PM ]========================
Version 2.2.15 [Oct-15-2006]
Started database file "/usr/local/scratch/temp_best_refs.fna"
NOTE: CoreLib [002.003] FileOpen(".formatdbrc","r") failed
NOTE: CoreLib [002.003] FileOpen("/home/tstockwe/.formatdbrc","r") failed
NOTE: [000.000] No number of link bits used found in config  file. Ignoring
NOTE: [000.000] No number of membership bits used found in config file. Ignoring
Formatted 8 sequences in volume 0
SUCCESS: formatted database /usr/local/scratch/temp_best_refs.fna

========================[ Aug 3, 2010 12:06 PM ]========================
Version 2.2.15 [Oct-15-2006]
Started database file "/usr/local/scratch/temp_best_refs.fna"
NOTE: CoreLib [002.003] FileOpen(".formatdbrc","r") failed
NOTE: CoreLib [002.003] FileOpen("/home/tstockwe/.formatdbrc","r") failed
NOTE: [000.000] No number of link bits used found in config  file. Ignoring
NOTE: [000.000] No number of membership bits used found in config file. Ignoring
Formatted 8 sequences in volume 0
SUCCESS: formatted database /usr/local/scratch/temp_best_refs.fna

========================[ Aug 3, 2010 12:08 PM ]========================
Version 2.2.15 [Oct-15-2006]
Started database file "/usr/local/scratch/temp_best_refs.fna"
NOTE: CoreLib [002.003] FileOpen(".formatdbrc","r") failed
NOTE: CoreLib [002.003] FileOpen("/home/tstockwe/.formatdbrc","r") failed
NOTE: [000.000] No number of link bits used found in config  file. Ignoring
NOTE: [000.000] No number of membership bits used found in config file. Ignoring
Formatted 7 sequences in volume 0
SUCCESS: formatted database /usr/local/scratch/temp_best_refs.fna

========================[ Aug 3, 2010 12:11 PM ]========================
Version 2.2.15 [Oct-15-2006]
Started database file "/usr/local/scratch/temp_best_refs.fna"
NOTE: CoreLib [002.003] FileOpen(".formatdbrc","r") failed
NOTE: CoreLib [002.003] FileOpen("/home/tstockwe/.formatdbrc","r") failed
NOTE: [000.000] No number of link bits used found in config  file. Ignoring
NOTE: [000.000] No number of membership bits used found in config file. Ignoring
Formatted 8 sequences in volume 0
SUCCESS: formatted database /usr/local/scratch/temp_best_refs.fna

========================[ Aug 3, 2010 12:14 PM ]========================
Version 2.2.15 [Oct-15-2006]
Started database file "/usr/local/scratch/temp_best_refs.fna"
NOTE: CoreLib [002.003] FileOpen(".formatdbrc","r") failed
NOTE: CoreLib [002.003] FileOpen("/home/tstockwe/.formatdbrc","r") failed
NOTE: [000.000] No number of link bits used found in config  file. Ignoring
NOTE: [000.000] No number of membership bits used found in config file. Ignoring
Formatted 8 sequences in volume 0
SUCCESS: formatted database /usr/local/scratch/temp_best_refs.fna

========================[ Aug 3, 2010 12:19 PM ]========================
Version 2.2.15 [Oct-15-2006]
Started database file "/usr/local/scratch/temp_best_refs.fna"
NOTE: CoreLib [002.003] FileOpen(".formatdbrc","r") failed
NOTE: CoreLib [002.003] FileOpen("/home/tstockwe/.formatdbrc","r") failed
NOTE: [000.000] No number of link bits used found in config  file. Ignoring
NOTE: [000.000] No number of membership bits used found in config file. Ignoring
Formatted 8 sequences in volume 0
SUCCESS: formatted database /usr/local/scratch/temp_best_refs.fna

========================[ Aug 3, 2010 12:23 PM ]========================
Version 2.2.15 [Oct-15-2006]
Started database file "/usr/local/scratch/temp_best_refs.fna"
NOTE: CoreLib [002.003] FileOpen(".formatdbrc","r") failed
NOTE: CoreLib [002.003] FileOpen("/home/tstockwe/.formatdbrc","r") failed
NOTE: [000.000] No number of link bits used found in config  file. Ignoring
NOTE: [000.000] No number of membership bits used found in config file. Ignoring
Formatted 8 sequences in volume 0
SUCCESS: formatted database /usr/local/scratch/temp_best_refs.fna

========================[ Aug 3, 2010 12:28 PM ]========================
Version 2.2.15 [Oct-15-2006]
Started database file "/usr/local/scratch/temp_best_refs.fna"
NOTE: CoreLib [002.003] FileOpen(".formatdbrc","r") failed
NOTE: CoreLib [002.003] FileOpen("/home/tstockwe/.formatdbrc","r") failed
NOTE: [000.000] No number of link bits used found in config  file. Ignoring
NOTE: [000.000] No number of membership bits used found in config file. Ignoring
Formatted 8 sequences in volume 0
SUCCESS: formatted database /usr/local/scratch/temp_best_refs.fna

========================[ Aug 3, 2010 12:33 PM ]========================
Version 2.2.15 [Oct-15-2006]
Started database file "/usr/local/scratch/temp_best_refs.fna"
NOTE: CoreLib [002.003] FileOpen(".formatdbrc","r") failed
NOTE: CoreLib [002.003] FileOpen("/home/tstockwe/.formatdbrc","r") failed
NOTE: [000.000] No number of link bits used found in config  file. Ignoring
NOTE: [000.000] No number of membership bits used found in config file. Ignoring
Formatted 8 sequences in volume 0
SUCCESS: formatted database /usr/local/scratch/temp_best_refs.fna

========================[ Aug 3, 2010 12:38 PM ]========================
Version 2.2.15 [Oct-15-2006]
Started database file "/usr/local/scratch/temp_best_refs.fna"
NOTE: CoreLib [002.003] FileOpen(".formatdbrc","r") failed
NOTE: CoreLib [002.003] FileOpen("/home/tstockwe/.formatdbrc","r") failed
NOTE: [000.000] No number of link bits used found in config  file. Ignoring
NOTE: [000.000] No number of membership bits used found in config file. Ignoring
Formatted 8 sequences in volume 0
SUCCESS: formatted database /usr/local/scratch/temp_best_refs.fna

========================[ Aug 3, 2010 12:42 PM ]========================
Version 2.2.15 [Oct-15-2006]
Started database file "/usr/local/scratch/temp_best_refs.fna"
NOTE: CoreLib [002.003] FileOpen(".formatdbrc","r") failed
NOTE: CoreLib [002.003] FileOpen("/home/tstockwe/.formatdbrc","r") failed
NOTE: [000.000] No number of link bits used found in config  file. Ignoring
NOTE: [000.000] No number of membership bits used found in config file. Ignoring
Formatted 8 sequences in volume 0
SUCCESS: formatted database /usr/local/scratch/temp_best_refs.fna

========================[ Aug 3, 2010 12:43 PM ]========================
Version 2.2.15 [Oct-15-2006]
Started database file "/usr/local/scratch/temp_best_refs.fna"
NOTE: CoreLib [002.003] FileOpen(".formatdbrc","r") failed
NOTE: CoreLib [002.003] FileOpen("/home/tstockwe/.formatdbrc","r") failed
NOTE: [000.000] No number of link bits used found in config  file. Ignoring
NOTE: [000.000] No number of membership bits used found in config file. Ignoring
Formatted 8 sequences in volume 0
SUCCESS: formatted database /usr/local/scratch/temp_best_refs.fna

========================[ Aug 3, 2010 12:44 PM ]========================
Version 2.2.15 [Oct-15-2006]
Started database file "/usr/local/scratch/temp_best_refs.fasta"
NOTE: CoreLib [002.003] FileOpen(".formatdbrc","r") failed
NOTE: CoreLib [002.003] FileOpen("/home/tstockwe/.formatdbrc","r") failed
NOTE: [000.000] No number of link bits used found in config  file. Ignoring
NOTE: [000.000] No number of membership bits used found in config file. Ignoring
Formatted 8 sequences in volume 0
SUCCESS: formatted database /usr/local/scratch/temp_best_refs.fasta

========================[ Aug 3, 2010 12:45 PM ]========================
Version 2.2.15 [Oct-15-2006]
Started database file "/usr/local/scratch/temp_best_refs.fasta"
NOTE: CoreLib [002.003] FileOpen(".formatdbrc","r") failed
NOTE: CoreLib [002.003] FileOpen("/home/tstockwe/.formatdbrc","r") failed
NOTE: [000.000] No number of link bits used found in config  file. Ignoring
NOTE: [000.000] No number of membership bits used found in config file. Ignoring
Formatted 8 sequences in volume 0
SUCCESS: formatted database /usr/local/scratch/temp_best_refs.fasta

========================[ Aug 3, 2010 12:45 PM ]========================
Version 2.2.15 [Oct-15-2006]
Started database file "/usr/local/scratch/temp_best_refs.fasta"
NOTE: CoreLib [002.003] FileOpen(".formatdbrc","r") failed
NOTE: CoreLib [002.003] FileOpen("/home/tstockwe/.formatdbrc","r") failed
NOTE: [000.000] No number of link bits used found in config  file. Ignoring
NOTE: [000.000] No number of membership bits used found in config file. Ignoring
Formatted 8 sequences in volume 0
SUCCESS: formatted database /usr/local/scratch/temp_best_refs.fasta

========================[ Aug 3, 2010 12:46 PM ]========================
Version 2.2.15 [Oct-15-2006]
Started database file "/usr/local/scratch/temp_best_refs.fasta"
NOTE: CoreLib [002.003] FileOpen(".formatdbrc","r") failed
NOTE: CoreLib [002.003] FileOpen("/home/tstockwe/.formatdbrc","r") failed
NOTE: [000.000] No number of link bits used found in config  file. Ignoring
NOTE: [000.000] No number of membership bits used found in config file. Ignoring
Formatted 8 sequences in volume 0
SUCCESS: formatted database /usr/local/scratch/temp_best_refs.fasta

========================[ Aug 3, 2010 12:46 PM ]========================
Version 2.2.15 [Oct-15-2006]
Started database file "/usr/local/scratch/temp_best_refs.fasta"
NOTE: CoreLib [002.003] FileOpen(".formatdbrc","r") failed
NOTE: CoreLib [002.003] FileOpen("/home/tstockwe/.formatdbrc","r") failed
NOTE: [000.000] No number of link bits used found in config  file. Ignoring
NOTE: [000.000] No number of membership bits used found in config file. Ignoring
Formatted 8 sequences in volume 0
SUCCESS: formatted database /usr/local/scratch/temp_best_refs.fasta

========================[ Aug 3, 2010 12:47 PM ]========================
Version 2.2.15 [Oct-15-2006]
Started database file "/usr/local/scratch/temp_best_refs.fasta"
NOTE: CoreLib [002.003] FileOpen(".formatdbrc","r") failed
NOTE: CoreLib [002.003] FileOpen("/home/tstockwe/.formatdbrc","r") failed
NOTE: [000.000] No number of link bits used found in config  file. Ignoring
NOTE: [000.000] No number of membership bits used found in config file. Ignoring
Formatted 8 sequences in volume 0
SUCCESS: formatted database /usr/local/scratch/temp_best_refs.fasta

========================[ Aug 3, 2010 12:47 PM ]========================
Version 2.2.15 [Oct-15-2006]
Started database file "/usr/local/scratch/temp_best_refs.fasta"
NOTE: CoreLib [002.003] FileOpen(".formatdbrc","r") failed
NOTE: CoreLib [002.003] FileOpen("/home/tstockwe/.formatdbrc","r") failed
NOTE: [000.000] No number of link bits used found in config  file. Ignoring
NOTE: [000.000] No number of membership bits used found in config file. Ignoring
Formatted 8 sequences in volume 0
SUCCESS: formatted database /usr/local/scratch/temp_best_refs.fasta

========================[ Aug 3, 2010 12:48 PM ]========================
Version 2.2.15 [Oct-15-2006]
Started database file "/usr/local/scratch/temp_best_refs.fasta"
NOTE: CoreLib [002.003] FileOpen(".formatdbrc","r") failed
NOTE: CoreLib [002.003] FileOpen("/home/tstockwe/.formatdbrc","r") failed
NOTE: [000.000] No number of link bits used found in config  file. Ignoring
NOTE: [000.000] No number of membership bits used found in config file. Ignoring
Formatted 8 sequences in volume 0
SUCCESS: formatted database /usr/local/scratch/temp_best_refs.fasta

========================[ Aug 3, 2010 12:48 PM ]========================
Version 2.2.15 [Oct-15-2006]
Started database file "/usr/local/scratch/temp_best_refs.fasta"
NOTE: CoreLib [002.003] FileOpen(".formatdbrc","r") failed
NOTE: CoreLib [002.003] FileOpen("/home/tstockwe/.formatdbrc","r") failed
NOTE: [000.000] No number of link bits used found in config  file. Ignoring
NOTE: [000.000] No number of membership bits used found in config file. Ignoring
Formatted 8 sequences in volume 0
SUCCESS: formatted database /usr/local/scratch/temp_best_refs.fasta

========================[ Aug 3, 2010 12:49 PM ]========================
Version 2.2.15 [Oct-15-2006]
Started database file "/usr/local/scratch/temp_best_refs.fasta"
NOTE: CoreLib [002.003] FileOpen(".formatdbrc","r") failed
NOTE: CoreLib [002.003] FileOpen("/home/tstockwe/.formatdbrc","r") failed
NOTE: [000.000] No number of link bits used found in config  file. Ignoring
NOTE: [000.000] No number of membership bits used found in config file. Ignoring
Formatted 8 sequences in volume 0
SUCCESS: formatted database /usr/local/scratch/temp_best_refs.fasta

========================[ Aug 3, 2010 12:50 PM ]========================
Version 2.2.15 [Oct-15-2006]
Started database file "/usr/local/scratch/temp_best_refs.fasta"
NOTE: CoreLib [002.003] FileOpen(".formatdbrc","r") failed
NOTE: CoreLib [002.003] FileOpen("/home/tstockwe/.formatdbrc","r") failed
NOTE: [000.000] No number of link bits used found in config  file. Ignoring
NOTE: [000.000] No number of membership bits used found in config file. Ignoring
Formatted 8 sequences in volume 0
SUCCESS: formatted database /usr/local/scratch/temp_best_refs.fasta

========================[ Aug 3, 2010 12:50 PM ]========================
Version 2.2.15 [Oct-15-2006]
Started database file "/usr/local/scratch/temp_best_refs.fasta"
NOTE: CoreLib [002.003] FileOpen(".formatdbrc","r") failed
NOTE: CoreLib [002.003] FileOpen("/home/tstockwe/.formatdbrc","r") failed
NOTE: [000.000] No number of link bits used found in config  file. Ignoring
NOTE: [000.000] No number of membership bits used found in config file. Ignoring
Formatted 8 sequences in volume 0
SUCCESS: formatted database /usr/local/scratch/temp_best_refs.fasta

========================[ Aug 3, 2010 12:51 PM ]========================
Version 2.2.15 [Oct-15-2006]
Started database file "/usr/local/scratch/temp_best_refs.fasta"
NOTE: CoreLib [002.003] FileOpen(".formatdbrc","r") failed
NOTE: CoreLib [002.003] FileOpen("/home/tstockwe/.formatdbrc","r") failed
NOTE: [000.000] No number of link bits used found in config  file. Ignoring
NOTE: [000.000] No number of membership bits used found in config file. Ignoring
Formatted 8 sequences in volume 0
SUCCESS: formatted database /usr/local/scratch/temp_best_refs.fasta

========================[ Aug 3, 2010 12:51 PM ]========================
Version 2.2.15 [Oct-15-2006]
Started database file "/usr/local/scratch/temp_best_refs.fasta"
NOTE: CoreLib [002.003] FileOpen(".formatdbrc","r") failed
NOTE: CoreLib [002.003] FileOpen("/home/tstockwe/.formatdbrc","r") failed
NOTE: [000.000] No number of link bits used found in config  file. Ignoring
NOTE: [000.000] No number of membership bits used found in config file. Ignoring
Formatted 8 sequences in volume 0
SUCCESS: formatted database /usr/local/scratch/temp_best_refs.fasta

========================[ Aug 3, 2010 12:52 PM ]========================
Version 2.2.15 [Oct-15-2006]
Started database file "/usr/local/scratch/temp_best_refs.fasta"
NOTE: CoreLib [002.003] FileOpen(".formatdbrc","r") failed
NOTE: CoreLib [002.003] FileOpen("/home/tstockwe/.formatdbrc","r") failed
NOTE: [000.000] No number of link bits used found in config  file. Ignoring
NOTE: [000.000] No number of membership bits used found in config file. Ignoring
Formatted 8 sequences in volume 0
SUCCESS: formatted database /usr/local/scratch/temp_best_refs.fasta

========================[ Aug 3, 2010 12:52 PM ]========================
Version 2.2.15 [Oct-15-2006]
Started database file "/usr/local/scratch/temp_best_refs.fasta"
NOTE: CoreLib [002.003] FileOpen(".formatdbrc","r") failed
NOTE: CoreLib [002.003] FileOpen("/home/tstockwe/.formatdbrc","r") failed
NOTE: [000.000] No number of link bits used found in config  file. Ignoring
NOTE: [000.000] No number of membership bits used found in config file. Ignoring
Formatted 8 sequences in volume 0
SUCCESS: formatted database /usr/local/scratch/temp_best_refs.fasta

========================[ Aug 3, 2010 12:53 PM ]========================
Version 2.2.15 [Oct-15-2006]
Started database file "/usr/local/scratch/temp_best_refs.fasta"
NOTE: CoreLib [002.003] FileOpen(".formatdbrc","r") failed
NOTE: CoreLib [002.003] FileOpen("/home/tstockwe/.formatdbrc","r") failed
NOTE: [000.000] No number of link bits used found in config  file. Ignoring
NOTE: [000.000] No number of membership bits used found in config file. Ignoring
Formatted 8 sequences in volume 0
SUCCESS: formatted database /usr/local/scratch/temp_best_refs.fasta

========================[ Aug 3, 2010 12:54 PM ]========================
Version 2.2.15 [Oct-15-2006]
Started database file "/usr/local/scratch/temp_best_refs.fasta"
NOTE: CoreLib [002.003] FileOpen(".formatdbrc","r") failed
NOTE: CoreLib [002.003] FileOpen("/home/tstockwe/.formatdbrc","r") failed
NOTE: [000.000] No number of link bits used found in config  file. Ignoring
NOTE: [000.000] No number of membership bits used found in config file. Ignoring
Formatted 8 sequences in volume 0
SUCCESS: formatted database /usr/local/scratch/temp_best_refs.fasta

========================[ Aug 3, 2010 12:54 PM ]========================
Version 2.2.15 [Oct-15-2006]
Started database file "/usr/local/scratch/temp_best_refs.fasta"
NOTE: CoreLib [002.003] FileOpen(".formatdbrc","r") failed
NOTE: CoreLib [002.003] FileOpen("/home/tstockwe/.formatdbrc","r") failed
NOTE: [000.000] No number of link bits used found in config  file. Ignoring
NOTE: [000.000] No number of membership bits used found in config file. Ignoring
Formatted 8 sequences in volume 0
SUCCESS: formatted database /usr/local/scratch/temp_best_refs.fasta

========================[ Aug 3, 2010 12:55 PM ]========================
Version 2.2.15 [Oct-15-2006]
Started database file "/usr/local/scratch/temp_best_refs.fasta"
NOTE: CoreLib [002.003] FileOpen(".formatdbrc","r") failed
NOTE: CoreLib [002.003] FileOpen("/home/tstockwe/.formatdbrc","r") failed
NOTE: [000.000] No number of link bits used found in config  file. Ignoring
NOTE: [000.000] No number of membership bits used found in config file. Ignoring
Formatted 8 sequences in volume 0
SUCCESS: formatted database /usr/local/scratch/temp_best_refs.fasta

========================[ Aug 3, 2010 12:56 PM ]========================
Version 2.2.15 [Oct-15-2006]
Started database file "/usr/local/scratch/temp_best_refs.fasta"
NOTE: CoreLib [002.003] FileOpen(".formatdbrc","r") failed
NOTE: CoreLib [002.003] FileOpen("/home/tstockwe/.formatdbrc","r") failed
NOTE: [000.000] No number of link bits used found in config  file. Ignoring
NOTE: [000.000] No number of membership bits used found in config file. Ignoring
Formatted 8 sequences in volume 0
SUCCESS: formatted database /usr/local/scratch/temp_best_refs.fasta

========================[ Aug 3, 2010 12:56 PM ]========================
Version 2.2.15 [Oct-15-2006]
Started database file "/usr/local/scratch/temp_best_refs.fasta"
NOTE: CoreLib [002.003] FileOpen(".formatdbrc","r") failed
NOTE: CoreLib [002.003] FileOpen("/home/tstockwe/.formatdbrc","r") failed
NOTE: [000.000] No number of link bits used found in config  file. Ignoring
NOTE: [000.000] No number of membership bits used found in config file. Ignoring
Formatted 8 sequences in volume 0
SUCCESS: formatted database /usr/local/scratch/temp_best_refs.fasta

========================[ Aug 3, 2010 12:57 PM ]========================
Version 2.2.15 [Oct-15-2006]
Started database file "/usr/local/scratch/temp_best_refs.fasta"
NOTE: CoreLib [002.003] FileOpen(".formatdbrc","r") failed
NOTE: CoreLib [002.003] FileOpen("/home/tstockwe/.formatdbrc","r") failed
NOTE: [000.000] No number of link bits used found in config  file. Ignoring
NOTE: [000.000] No number of membership bits used found in config file. Ignoring
Formatted 8 sequences in volume 0
SUCCESS: formatted database /usr/local/scratch/temp_best_refs.fasta

========================[ Aug 3, 2010 12:57 PM ]========================
Version 2.2.15 [Oct-15-2006]
Started database file "/usr/local/scratch/temp_best_refs.fasta"
NOTE: CoreLib [002.003] FileOpen(".formatdbrc","r") failed
NOTE: CoreLib [002.003] FileOpen("/home/tstockwe/.formatdbrc","r") failed
NOTE: [000.000] No number of link bits used found in config  file. Ignoring
NOTE: [000.000] No number of membership bits used found in config file. Ignoring
Formatted 8 sequences in volume 0
SUCCESS: formatted database /usr/local/scratch/temp_best_refs.fasta

========================[ Aug 3, 2010 12:58 PM ]========================
Version 2.2.15 [Oct-15-2006]
Started database file "/usr/local/scratch/temp_best_refs.fasta"
NOTE: CoreLib [002.003] FileOpen(".formatdbrc","r") failed
NOTE: CoreLib [002.003] FileOpen("/home/tstockwe/.formatdbrc","r") failed
NOTE: [000.000] No number of link bits used found in config  file. Ignoring
NOTE: [000.000] No number of membership bits used found in config file. Ignoring
Formatted 8 sequences in volume 0
SUCCESS: formatted database /usr/local/scratch/temp_best_refs.fasta

========================[ Aug 3, 2010 12:59 PM ]========================
Version 2.2.15 [Oct-15-2006]
Started database file "/usr/local/scratch/temp_best_refs.fasta"
NOTE: CoreLib [002.003] FileOpen(".formatdbrc","r") failed
NOTE: CoreLib [002.003] FileOpen("/home/tstockwe/.formatdbrc","r") failed
NOTE: [000.000] No number of link bits used found in config  file. Ignoring
NOTE: [000.000] No number of membership bits used found in config file. Ignoring
Formatted 8 sequences in volume 0
SUCCESS: formatted database /usr/local/scratch/temp_best_refs.fasta

========================[ Aug 3, 2010  1:00 PM ]========================
Version 2.2.15 [Oct-15-2006]
Started database file "/usr/local/scratch/temp_best_refs.fasta"
NOTE: CoreLib [002.003] FileOpen(".formatdbrc","r") failed
NOTE: CoreLib [002.003] FileOpen("/home/tstockwe/.formatdbrc","r") failed
NOTE: [000.000] No number of link bits used found in config  file. Ignoring
NOTE: [000.000] No number of membership bits used found in config file. Ignoring
Formatted 8 sequences in volume 0
SUCCESS: formatted database /usr/local/scratch/temp_best_refs.fasta

========================[ Aug 3, 2010  1:00 PM ]========================
Version 2.2.15 [Oct-15-2006]
Started database file "/usr/local/scratch/temp_best_refs.fasta"
NOTE: CoreLib [002.003] FileOpen(".formatdbrc","r") failed
NOTE: CoreLib [002.003] FileOpen("/home/tstockwe/.formatdbrc","r") failed
NOTE: [000.000] No number of link bits used found in config  file. Ignoring
NOTE: [000.000] No number of membership bits used found in config file. Ignoring
Formatted 8 sequences in volume 0
SUCCESS: formatted database /usr/local/scratch/temp_best_refs.fasta

========================[ Aug 3, 2010  1:01 PM ]========================
Version 2.2.15 [Oct-15-2006]
Started database file "/usr/local/scratch/temp_best_refs.fasta"
NOTE: CoreLib [002.003] FileOpen(".formatdbrc","r") failed
NOTE: CoreLib [002.003] FileOpen("/home/tstockwe/.formatdbrc","r") failed
NOTE: [000.000] No number of link bits used found in config  file. Ignoring
NOTE: [000.000] No number of membership bits used found in config file. Ignoring
Formatted 8 sequences in volume 0
SUCCESS: formatted database /usr/local/scratch/temp_best_refs.fasta

========================[ Aug 3, 2010  1:01 PM ]========================
Version 2.2.15 [Oct-15-2006]
Started database file "/usr/local/scratch/temp_best_refs.fasta"
NOTE: CoreLib [002.003] FileOpen(".formatdbrc","r") failed
NOTE: CoreLib [002.003] FileOpen("/home/tstockwe/.formatdbrc","r") failed
NOTE: [000.000] No number of link bits used found in config  file. Ignoring
NOTE: [000.000] No number of membership bits used found in config file. Ignoring
Formatted 8 sequences in volume 0
SUCCESS: formatted database /usr/local/scratch/temp_best_refs.fasta

========================[ Aug 3, 2010  1:02 PM ]========================
Version 2.2.15 [Oct-15-2006]
Started database file "/usr/local/scratch/temp_best_refs.fasta"
NOTE: CoreLib [002.003] FileOpen(".formatdbrc","r") failed
NOTE: CoreLib [002.003] FileOpen("/home/tstockwe/.formatdbrc","r") failed
NOTE: [000.000] No number of link bits used found in config  file. Ignoring
NOTE: [000.000] No number of membership bits used found in config file. Ignoring
Formatted 1 sequences in volume 0
SUCCESS: formatted database /usr/local/scratch/temp_best_refs.fasta

========================[ Aug 3, 2010  1:02 PM ]========================
Version 2.2.15 [Oct-15-2006]
Started database file "/usr/local/scratch/temp_best_refs.fasta"
NOTE: CoreLib [002.003] FileOpen(".formatdbrc","r") failed
NOTE: CoreLib [002.003] FileOpen("/home/tstockwe/.formatdbrc","r") failed
NOTE: [000.000] No number of link bits used found in config  file. Ignoring
NOTE: [000.000] No number of membership bits used found in config file. Ignoring
Formatted 8 sequences in volume 0
SUCCESS: formatted database /usr/local/scratch/temp_best_refs.fasta

========================[ Aug 3, 2010  1:03 PM ]========================
Version 2.2.15 [Oct-15-2006]
Started database file "/usr/local/scratch/temp_best_refs.fasta"
NOTE: CoreLib [002.003] FileOpen(".formatdbrc","r") failed
NOTE: CoreLib [002.003] FileOpen("/home/tstockwe/.formatdbrc","r") failed
NOTE: [000.000] No number of link bits used found in config  file. Ignoring
NOTE: [000.000] No number of membership bits used found in config file. Ignoring
Formatted 8 sequences in volume 0
SUCCESS: formatted database /usr/local/scratch/temp_best_refs.fasta

========================[ Aug 3, 2010  1:03 PM ]========================
Version 2.2.15 [Oct-15-2006]
Started database file "/usr/local/scratch/temp_best_refs.fasta"
NOTE: CoreLib [002.003] FileOpen(".formatdbrc","r") failed
NOTE: CoreLib [002.003] FileOpen("/home/tstockwe/.formatdbrc","r") failed
NOTE: [000.000] No number of link bits used found in config  file. Ignoring
NOTE: [000.000] No number of membership bits used found in config file. Ignoring
Formatted 8 sequences in volume 0
SUCCESS: formatted database /usr/local/scratch/temp_best_refs.fasta

========================[ Aug 3, 2010  1:04 PM ]========================
Version 2.2.15 [Oct-15-2006]
Started database file "/usr/local/scratch/temp_best_refs.fasta"
NOTE: CoreLib [002.003] FileOpen(".formatdbrc","r") failed
NOTE: CoreLib [002.003] FileOpen("/home/tstockwe/.formatdbrc","r") failed
NOTE: [000.000] No number of link bits used found in config  file. Ignoring
NOTE: [000.000] No number of membership bits used found in config file. Ignoring
Formatted 8 sequences in volume 0
SUCCESS: formatted database /usr/local/scratch/temp_best_refs.fasta

========================[ Aug 3, 2010  1:04 PM ]========================
Version 2.2.15 [Oct-15-2006]
Started database file "/usr/local/scratch/temp_best_refs.fasta"
NOTE: CoreLib [002.003] FileOpen(".formatdbrc","r") failed
NOTE: CoreLib [002.003] FileOpen("/home/tstockwe/.formatdbrc","r") failed
NOTE: [000.000] No number of link bits used found in config  file. Ignoring
NOTE: [000.000] No number of membership bits used found in config file. Ignoring
Formatted 8 sequences in volume 0
SUCCESS: formatted database /usr/local/scratch/temp_best_refs.fasta

========================[ Aug 3, 2010  1:05 PM ]========================
Version 2.2.15 [Oct-15-2006]
Started database file "/usr/local/scratch/temp_best_refs.fasta"
NOTE: CoreLib [002.003] FileOpen(".formatdbrc","r") failed
NOTE: CoreLib [002.003] FileOpen("/home/tstockwe/.formatdbrc","r") failed
NOTE: [000.000] No number of link bits used found in config  file. Ignoring
NOTE: [000.000] No number of membership bits used found in config file. Ignoring
Formatted 8 sequences in volume 0
SUCCESS: formatted database /usr/local/scratch/temp_best_refs.fasta

========================[ Aug 3, 2010  1:06 PM ]========================
Version 2.2.15 [Oct-15-2006]
Started database file "/usr/local/scratch/temp_best_refs.fasta"
NOTE: CoreLib [002.003] FileOpen(".formatdbrc","r") failed
NOTE: CoreLib [002.003] FileOpen("/home/tstockwe/.formatdbrc","r") failed
NOTE: [000.000] No number of link bits used found in config  file. Ignoring
NOTE: [000.000] No number of membership bits used found in config file. Ignoring
Formatted 8 sequences in volume 0
SUCCESS: formatted database /usr/local/scratch/temp_best_refs.fasta

========================[ Aug 3, 2010  1:06 PM ]========================
Version 2.2.15 [Oct-15-2006]
Started database file "/usr/local/scratch/temp_best_refs.fasta"
NOTE: CoreLib [002.003] FileOpen(".formatdbrc","r") failed
NOTE: CoreLib [002.003] FileOpen("/home/tstockwe/.formatdbrc","r") failed
NOTE: [000.000] No number of link bits used found in config  file. Ignoring
NOTE: [000.000] No number of membership bits used found in config file. Ignoring
Formatted 8 sequences in volume 0
SUCCESS: formatted database /usr/local/scratch/temp_best_refs.fasta

========================[ Aug 3, 2010  1:07 PM ]========================
Version 2.2.15 [Oct-15-2006]
Started database file "/usr/local/scratch/temp_best_refs.fasta"
NOTE: CoreLib [002.003] FileOpen(".formatdbrc","r") failed
NOTE: CoreLib [002.003] FileOpen("/home/tstockwe/.formatdbrc","r") failed
NOTE: [000.000] No number of link bits used found in config  file. Ignoring
NOTE: [000.000] No number of membership bits used found in config file. Ignoring
Formatted 8 sequences in volume 0
SUCCESS: formatted database /usr/local/scratch/temp_best_refs.fasta

========================[ Aug 3, 2010  1:08 PM ]========================
Version 2.2.15 [Oct-15-2006]
Started database file "/usr/local/scratch/temp_best_refs.fasta"
NOTE: CoreLib [002.003] FileOpen(".formatdbrc","r") failed
NOTE: CoreLib [002.003] FileOpen("/home/tstockwe/.formatdbrc","r") failed
NOTE: [000.000] No number of link bits used found in config  file. Ignoring
NOTE: [000.000] No number of membership bits used found in config file. Ignoring
Formatted 8 sequences in volume 0
SUCCESS: formatted database /usr/local/scratch/temp_best_refs.fasta

========================[ Aug 3, 2010  1:08 PM ]========================
Version 2.2.15 [Oct-15-2006]
Started database file "/usr/local/scratch/temp_best_refs.fasta"
NOTE: CoreLib [002.003] FileOpen(".formatdbrc","r") failed
NOTE: CoreLib [002.003] FileOpen("/home/tstockwe/.formatdbrc","r") failed
NOTE: [000.000] No number of link bits used found in config  file. Ignoring
NOTE: [000.000] No number of membership bits used found in config file. Ignoring
Formatted 8 sequences in volume 0
SUCCESS: formatted database /usr/local/scratch/temp_best_refs.fasta

========================[ Aug 3, 2010  1:09 PM ]========================
Version 2.2.15 [Oct-15-2006]
Started database file "/usr/local/scratch/temp_best_refs.fasta"
NOTE: CoreLib [002.003] FileOpen(".formatdbrc","r") failed
NOTE: CoreLib [002.003] FileOpen("/home/tstockwe/.formatdbrc","r") failed
NOTE: [000.000] No number of link bits used found in config  file. Ignoring
NOTE: [000.000] No number of membership bits used found in config file. Ignoring
Formatted 8 sequences in volume 0
SUCCESS: formatted database /usr/local/scratch/temp_best_refs.fasta

========================[ Aug 3, 2010  1:10 PM ]========================
Version 2.2.15 [Oct-15-2006]
Started database file "/usr/local/scratch/temp_best_refs.fasta"
NOTE: CoreLib [002.003] FileOpen(".formatdbrc","r") failed
NOTE: CoreLib [002.003] FileOpen("/home/tstockwe/.formatdbrc","r") failed
NOTE: [000.000] No number of link bits used found in config  file. Ignoring
NOTE: [000.000] No number of membership bits used found in config file. Ignoring
Formatted 8 sequences in volume 0
SUCCESS: formatted database /usr/local/scratch/temp_best_refs.fasta

========================[ Aug 3, 2010  1:11 PM ]========================
Version 2.2.15 [Oct-15-2006]
Started database file "/usr/local/scratch/temp_best_refs.fasta"
NOTE: CoreLib [002.003] FileOpen(".formatdbrc","r") failed
NOTE: CoreLib [002.003] FileOpen("/home/tstockwe/.formatdbrc","r") failed
NOTE: [000.000] No number of link bits used found in config  file. Ignoring
NOTE: [000.000] No number of membership bits used found in config file. Ignoring
Formatted 8 sequences in volume 0
SUCCESS: formatted database /usr/local/scratch/temp_best_refs.fasta

========================[ Aug 3, 2010  1:11 PM ]========================
Version 2.2.15 [Oct-15-2006]
Started database file "/usr/local/scratch/temp_best_refs.fasta"
NOTE: CoreLib [002.003] FileOpen(".formatdbrc","r") failed
NOTE: CoreLib [002.003] FileOpen("/home/tstockwe/.formatdbrc","r") failed
NOTE: [000.000] No number of link bits used found in config  file. Ignoring
NOTE: [000.000] No number of membership bits used found in config file. Ignoring
Formatted 8 sequences in volume 0
SUCCESS: formatted database /usr/local/scratch/temp_best_refs.fasta

========================[ Aug 3, 2010  1:12 PM ]========================
Version 2.2.15 [Oct-15-2006]
Started database file "/usr/local/scratch/temp_best_refs.fasta"
NOTE: CoreLib [002.003] FileOpen(".formatdbrc","r") failed
NOTE: CoreLib [002.003] FileOpen("/home/tstockwe/.formatdbrc","r") failed
NOTE: [000.000] No number of link bits used found in config  file. Ignoring
NOTE: [000.000] No number of membership bits used found in config file. Ignoring
Formatted 8 sequences in volume 0
SUCCESS: formatted database /usr/local/scratch/temp_best_refs.fasta

========================[ Aug 3, 2010  1:13 PM ]========================
Version 2.2.15 [Oct-15-2006]
Started database file "/usr/local/scratch/temp_best_refs.fasta"
NOTE: CoreLib [002.003] FileOpen(".formatdbrc","r") failed
NOTE: CoreLib [002.003] FileOpen("/home/tstockwe/.formatdbrc","r") failed
NOTE: [000.000] No number of link bits used found in config  file. Ignoring
NOTE: [000.000] No number of membership bits used found in config file. Ignoring
Formatted 8 sequences in volume 0
SUCCESS: formatted database /usr/local/scratch/temp_best_refs.fasta

========================[ Aug 3, 2010  1:13 PM ]========================
Version 2.2.15 [Oct-15-2006]
Started database file "/usr/local/scratch/temp_best_refs.fasta"
NOTE: CoreLib [002.003] FileOpen(".formatdbrc","r") failed
NOTE: CoreLib [002.003] FileOpen("/home/tstockwe/.formatdbrc","r") failed
NOTE: [000.000] No number of link bits used found in config  file. Ignoring
NOTE: [000.000] No number of membership bits used found in config file. Ignoring
Formatted 8 sequences in volume 0
SUCCESS: formatted database /usr/local/scratch/temp_best_refs.fasta

========================[ Aug 3, 2010  1:14 PM ]========================
Version 2.2.15 [Oct-15-2006]
Started database file "/usr/local/scratch/temp_best_refs.fasta"
NOTE: CoreLib [002.003] FileOpen(".formatdbrc","r") failed
NOTE: CoreLib [002.003] FileOpen("/home/tstockwe/.formatdbrc","r") failed
NOTE: [000.000] No number of link bits used found in config  file. Ignoring
NOTE: [000.000] No number of membership bits used found in config file. Ignoring
Formatted 8 sequences in volume 0
SUCCESS: formatted database /usr/local/scratch/temp_best_refs.fasta

========================[ Aug 3, 2010  1:14 PM ]========================
Version 2.2.15 [Oct-15-2006]
Started database file "/usr/local/scratch/temp_best_refs.fasta"
NOTE: CoreLib [002.003] FileOpen(".formatdbrc","r") failed
NOTE: CoreLib [002.003] FileOpen("/home/tstockwe/.formatdbrc","r") failed
NOTE: [000.000] No number of link bits used found in config  file. Ignoring
NOTE: [000.000] No number of membership bits used found in config file. Ignoring
Formatted 8 sequences in volume 0
SUCCESS: formatted database /usr/local/scratch/temp_best_refs.fasta

========================[ Aug 3, 2010  1:15 PM ]========================
Version 2.2.15 [Oct-15-2006]
Started database file "/usr/local/scratch/temp_best_refs.fasta"
NOTE: CoreLib [002.003] FileOpen(".formatdbrc","r") failed
NOTE: CoreLib [002.003] FileOpen("/home/tstockwe/.formatdbrc","r") failed
NOTE: [000.000] No number of link bits used found in config  file. Ignoring
NOTE: [000.000] No number of membership bits used found in config file. Ignoring
Formatted 8 sequences in volume 0
SUCCESS: formatted database /usr/local/scratch/temp_best_refs.fasta

========================[ Aug 3, 2010  1:16 PM ]========================
Version 2.2.15 [Oct-15-2006]
Started database file "/usr/local/scratch/temp_best_refs.fasta"
NOTE: CoreLib [002.003] FileOpen(".formatdbrc","r") failed
NOTE: CoreLib [002.003] FileOpen("/home/tstockwe/.formatdbrc","r") failed
NOTE: [000.000] No number of link bits used found in config  file. Ignoring
NOTE: [000.000] No number of membership bits used found in config file. Ignoring
Formatted 8 sequences in volume 0
SUCCESS: formatted database /usr/local/scratch/temp_best_refs.fasta

========================[ Aug 3, 2010  1:16 PM ]========================
Version 2.2.15 [Oct-15-2006]
Started database file "/usr/local/scratch/temp_best_refs.fasta"
NOTE: CoreLib [002.003] FileOpen(".formatdbrc","r") failed
NOTE: CoreLib [002.003] FileOpen("/home/tstockwe/.formatdbrc","r") failed
NOTE: [000.000] No number of link bits used found in config  file. Ignoring
NOTE: [000.000] No number of membership bits used found in config file. Ignoring
Formatted 8 sequences in volume 0
SUCCESS: formatted database /usr/local/scratch/temp_best_refs.fasta

========================[ Aug 3, 2010  1:17 PM ]========================
Version 2.2.15 [Oct-15-2006]
Started database file "/usr/local/scratch/temp_best_refs.fasta"
NOTE: CoreLib [002.003] FileOpen(".formatdbrc","r") failed
NOTE: CoreLib [002.003] FileOpen("/home/tstockwe/.formatdbrc","r") failed
NOTE: [000.000] No number of link bits used found in config  file. Ignoring
NOTE: [000.000] No number of membership bits used found in config file. Ignoring
Formatted 8 sequences in volume 0
SUCCESS: formatted database /usr/local/scratch/temp_best_refs.fasta

========================[ Aug 3, 2010  1:18 PM ]========================
Version 2.2.15 [Oct-15-2006]
Started database file "/usr/local/scratch/temp_best_refs.fasta"
NOTE: CoreLib [002.003] FileOpen(".formatdbrc","r") failed
NOTE: CoreLib [002.003] FileOpen("/home/tstockwe/.formatdbrc","r") failed
NOTE: [000.000] No number of link bits used found in config  file. Ignoring
NOTE: [000.000] No number of membership bits used found in config file. Ignoring
Formatted 8 sequences in volume 0
SUCCESS: formatted database /usr/local/scratch/temp_best_refs.fasta

========================[ Aug 3, 2010  1:18 PM ]========================
Version 2.2.15 [Oct-15-2006]
Started database file "/usr/local/scratch/temp_best_refs.fasta"
NOTE: CoreLib [002.003] FileOpen(".formatdbrc","r") failed
NOTE: CoreLib [002.003] FileOpen("/home/tstockwe/.formatdbrc","r") failed
NOTE: [000.000] No number of link bits used found in config  file. Ignoring
NOTE: [000.000] No number of membership bits used found in config file. Ignoring
Formatted 8 sequences in volume 0
SUCCESS: formatted database /usr/local/scratch/temp_best_refs.fasta

========================[ Aug 3, 2010  1:20 PM ]========================
Version 2.2.15 [Oct-15-2006]
Started database file "/usr/local/scratch/temp_best_refs.fasta"
NOTE: CoreLib [002.003] FileOpen(".formatdbrc","r") failed
NOTE: CoreLib [002.003] FileOpen("/home/tstockwe/.formatdbrc","r") failed
NOTE: [000.000] No number of link bits used found in config  file. Ignoring
NOTE: [000.000] No number of membership bits used found in config file. Ignoring
Formatted 8 sequences in volume 0
SUCCESS: formatted database /usr/local/scratch/temp_best_refs.fasta

========================[ Aug 3, 2010  1:20 PM ]========================
Version 2.2.15 [Oct-15-2006]
Started database file "/usr/local/scratch/temp_best_refs.fasta"
NOTE: CoreLib [002.003] FileOpen(".formatdbrc","r") failed
NOTE: CoreLib [002.003] FileOpen("/home/tstockwe/.formatdbrc","r") failed
NOTE: [000.000] No number of link bits used found in config  file. Ignoring
NOTE: [000.000] No number of membership bits used found in config file. Ignoring
Formatted 7 sequences in volume 0
SUCCESS: formatted database /usr/local/scratch/temp_best_refs.fasta

========================[ Aug 3, 2010  1:21 PM ]========================
Version 2.2.15 [Oct-15-2006]
Started database file "/usr/local/scratch/temp_best_refs.fasta"
NOTE: CoreLib [002.003] FileOpen(".formatdbrc","r") failed
NOTE: CoreLib [002.003] FileOpen("/home/tstockwe/.formatdbrc","r") failed
NOTE: [000.000] No number of link bits used found in config  file. Ignoring
NOTE: [000.000] No number of membership bits used found in config file. Ignoring
Formatted 6 sequences in volume 0
SUCCESS: formatted database /usr/local/scratch/temp_best_refs.fasta

========================[ Aug 3, 2010  1:22 PM ]========================
Version 2.2.15 [Oct-15-2006]
Started database file "/usr/local/scratch/temp_best_refs.fasta"
NOTE: CoreLib [002.003] FileOpen(".formatdbrc","r") failed
NOTE: CoreLib [002.003] FileOpen("/home/tstockwe/.formatdbrc","r") failed
NOTE: [000.000] No number of link bits used found in config  file. Ignoring
NOTE: [000.000] No number of membership bits used found in config file. Ignoring
Formatted 8 sequences in volume 0
SUCCESS: formatted database /usr/local/scratch/temp_best_refs.fasta

========================[ Aug 3, 2010  1:22 PM ]========================
Version 2.2.15 [Oct-15-2006]
Started database file "/usr/local/scratch/temp_best_refs.fasta"
NOTE: CoreLib [002.003] FileOpen(".formatdbrc","r") failed
NOTE: CoreLib [002.003] FileOpen("/home/tstockwe/.formatdbrc","r") failed
NOTE: [000.000] No number of link bits used found in config  file. Ignoring
NOTE: [000.000] No number of membership bits used found in config file. Ignoring
Formatted 1 sequences in volume 0
SUCCESS: formatted database /usr/local/scratch/temp_best_refs.fasta

========================[ Aug 3, 2010  1:22 PM ]========================
Version 2.2.15 [Oct-15-2006]
Started database file "/usr/local/scratch/temp_best_refs.fasta"
NOTE: CoreLib [002.003] FileOpen(".formatdbrc","r") failed
NOTE: CoreLib [002.003] FileOpen("/home/tstockwe/.formatdbrc","r") failed
NOTE: [000.000] No number of link bits used found in config  file. Ignoring
NOTE: [000.000] No number of membership bits used found in config file. Ignoring
Formatted 1 sequences in volume 0
SUCCESS: formatted database /usr/local/scratch/temp_best_refs.fasta

========================[ Aug 3, 2010  1:23 PM ]========================
Version 2.2.15 [Oct-15-2006]
Started database file "/usr/local/scratch/temp_best_refs.fasta"
NOTE: CoreLib [002.003] FileOpen(".formatdbrc","r") failed
NOTE: CoreLib [002.003] FileOpen("/home/tstockwe/.formatdbrc","r") failed
NOTE: [000.000] No number of link bits used found in config  file. Ignoring
NOTE: [000.000] No number of membership bits used found in config file. Ignoring
Formatted 1 sequences in volume 0
SUCCESS: formatted database /usr/local/scratch/temp_best_refs.fasta

========================[ Aug 3, 2010  1:23 PM ]========================
Version 2.2.15 [Oct-15-2006]
Started database file "/usr/local/scratch/temp_best_refs.fasta"
NOTE: CoreLib [002.003] FileOpen(".formatdbrc","r") failed
NOTE: CoreLib [002.003] FileOpen("/home/tstockwe/.formatdbrc","r") failed
NOTE: [000.000] No number of link bits used found in config  file. Ignoring
NOTE: [000.000] No number of membership bits used found in config file. Ignoring
Formatted 1 sequences in volume 0
SUCCESS: formatted database /usr/local/scratch/temp_best_refs.fasta

========================[ Aug 3, 2010  7:04 PM ]========================
Version 2.2.15 [Oct-15-2006]
Started database file "/usr/local/scratch/temp_best_refs.fasta"
NOTE: CoreLib [002.003] FileOpen(".formatdbrc","r") failed
NOTE: CoreLib [002.003] FileOpen("/home/tstockwe/.formatdbrc","r") failed
NOTE: [000.000] No number of link bits used found in config  file. Ignoring
NOTE: [000.000] No number of membership bits used found in config file. Ignoring
Formatted 1 sequences in volume 0
SUCCESS: formatted database /usr/local/scratch/temp_best_refs.fasta

========================[ Aug 3, 2010  7:04 PM ]========================
Version 2.2.15 [Oct-15-2006]
Started database file "/usr/local/scratch/temp_best_refs.fasta"
NOTE: CoreLib [002.003] FileOpen(".formatdbrc","r") failed
NOTE: CoreLib [002.003] FileOpen("/home/tstockwe/.formatdbrc","r") failed
NOTE: [000.000] No number of link bits used found in config  file. Ignoring
NOTE: [000.000] No number of membership bits used found in config file. Ignoring
Formatted 1 sequences in volume 0
SUCCESS: formatted database /usr/local/scratch/temp_best_refs.fasta

========================[ Aug 4, 2010  2:50 PM ]========================
Version 2.2.15 [Oct-15-2006]
Started database file "/usr/local/scratch/temp_best_refs.fasta"
NOTE: CoreLib [002.003] FileOpen(".formatdbrc","r") failed
NOTE: CoreLib [002.003] FileOpen("/home/tstockwe/.formatdbrc","r") failed
NOTE: [000.000] No number of link bits used found in config  file. Ignoring
NOTE: [000.000] No number of membership bits used found in config file. Ignoring
Formatted 8 sequences in volume 0
SUCCESS: formatted database /usr/local/scratch/temp_best_refs.fasta

========================[ Aug 4, 2010  2:53 PM ]========================
Version 2.2.15 [Oct-15-2006]
Started database file "/usr/local/scratch/temp_best_refs.fasta"
NOTE: CoreLib [002.003] FileOpen(".formatdbrc","r") failed
NOTE: CoreLib [002.003] FileOpen("/home/tstockwe/.formatdbrc","r") failed
NOTE: [000.000] No number of link bits used found in config  file. Ignoring
NOTE: [000.000] No number of membership bits used found in config file. Ignoring
Formatted 8 sequences in volume 0
SUCCESS: formatted database /usr/local/scratch/temp_best_refs.fasta

========================[ Aug 4, 2010  2:54 PM ]========================
Version 2.2.15 [Oct-15-2006]
Started database file "/usr/local/scratch/temp_best_refs.fasta"
NOTE: CoreLib [002.003] FileOpen(".formatdbrc","r") failed
NOTE: CoreLib [002.003] FileOpen("/home/tstockwe/.formatdbrc","r") failed
NOTE: [000.000] No number of link bits used found in config  file. Ignoring
NOTE: [000.000] No number of membership bits used found in config file. Ignoring
Formatted 8 sequences in volume 0
SUCCESS: formatted database /usr/local/scratch/temp_best_refs.fasta

========================[ Aug 4, 2010  2:55 PM ]========================
Version 2.2.15 [Oct-15-2006]
Started database file "/usr/local/scratch/temp_best_refs.fasta"
NOTE: CoreLib [002.003] FileOpen(".formatdbrc","r") failed
NOTE: CoreLib [002.003] FileOpen("/home/tstockwe/.formatdbrc","r") failed
NOTE: [000.000] No number of link bits used found in config  file. Ignoring
NOTE: [000.000] No number of membership bits used found in config file. Ignoring
Formatted 8 sequences in volume 0
SUCCESS: formatted database /usr/local/scratch/temp_best_refs.fasta

========================[ Aug 4, 2010  2:55 PM ]========================
Version 2.2.15 [Oct-15-2006]
Started database file "/usr/local/scratch/temp_best_refs.fasta"
NOTE: CoreLib [002.003] FileOpen(".formatdbrc","r") failed
NOTE: CoreLib [002.003] FileOpen("/home/tstockwe/.formatdbrc","r") failed
NOTE: [000.000] No number of link bits used found in config  file. Ignoring
NOTE: [000.000] No number of membership bits used found in config file. Ignoring
Formatted 8 sequences in volume 0
SUCCESS: formatted database /usr/local/scratch/temp_best_refs.fasta

========================[ Aug 4, 2010  2:56 PM ]========================
Version 2.2.15 [Oct-15-2006]
Started database file "/usr/local/scratch/temp_best_refs.fasta"
NOTE: CoreLib [002.003] FileOpen(".formatdbrc","r") failed
NOTE: CoreLib [002.003] FileOpen("/home/tstockwe/.formatdbrc","r") failed
NOTE: [000.000] No number of link bits used found in config  file. Ignoring
NOTE: [000.000] No number of membership bits used found in config file. Ignoring
Formatted 8 sequences in volume 0
SUCCESS: formatted database /usr/local/scratch/temp_best_refs.fasta

========================[ Aug 4, 2010  2:56 PM ]========================
Version 2.2.15 [Oct-15-2006]
Started database file "/usr/local/scratch/temp_best_refs.fasta"
NOTE: CoreLib [002.003] FileOpen(".formatdbrc","r") failed
NOTE: CoreLib [002.003] FileOpen("/home/tstockwe/.formatdbrc","r") failed
NOTE: [000.000] No number of link bits used found in config  file. Ignoring
NOTE: [000.000] No number of membership bits used found in config file. Ignoring
Formatted 8 sequences in volume 0
SUCCESS: formatted database /usr/local/scratch/temp_best_refs.fasta

========================[ Aug 4, 2010  2:57 PM ]========================
Version 2.2.15 [Oct-15-2006]
Started database file "/usr/local/scratch/temp_best_refs.fasta"
NOTE: CoreLib [002.003] FileOpen(".formatdbrc","r") failed
NOTE: CoreLib [002.003] FileOpen("/home/tstockwe/.formatdbrc","r") failed
NOTE: [000.000] No number of link bits used found in config  file. Ignoring
NOTE: [000.000] No number of membership bits used found in config file. Ignoring
Formatted 8 sequences in volume 0
SUCCESS: formatted database /usr/local/scratch/temp_best_refs.fasta

========================[ Aug 4, 2010  2:58 PM ]========================
Version 2.2.15 [Oct-15-2006]
Started database file "/usr/local/scratch/temp_best_refs.fasta"
NOTE: CoreLib [002.003] FileOpen(".formatdbrc","r") failed
NOTE: CoreLib [002.003] FileOpen("/home/tstockwe/.formatdbrc","r") failed
NOTE: [000.000] No number of link bits used found in config  file. Ignoring
NOTE: [000.000] No number of membership bits used found in config file. Ignoring
Formatted 8 sequences in volume 0
SUCCESS: formatted database /usr/local/scratch/temp_best_refs.fasta

========================[ Aug 4, 2010  2:59 PM ]========================
Version 2.2.15 [Oct-15-2006]
Started database file "/usr/local/scratch/temp_best_refs.fasta"
NOTE: CoreLib [002.003] FileOpen(".formatdbrc","r") failed
NOTE: CoreLib [002.003] FileOpen("/home/tstockwe/.formatdbrc","r") failed
NOTE: [000.000] No number of link bits used found in config  file. Ignoring
NOTE: [000.000] No number of membership bits used found in config file. Ignoring
Formatted 8 sequences in volume 0
SUCCESS: formatted database /usr/local/scratch/temp_best_refs.fasta

========================[ Aug 4, 2010  3:00 PM ]========================
Version 2.2.15 [Oct-15-2006]
Started database file "/usr/local/scratch/temp_best_refs.fasta"
NOTE: CoreLib [002.003] FileOpen(".formatdbrc","r") failed
NOTE: CoreLib [002.003] FileOpen("/home/tstockwe/.formatdbrc","r") failed
NOTE: [000.000] No number of link bits used found in config  file. Ignoring
NOTE: [000.000] No number of membership bits used found in config file. Ignoring
Formatted 8 sequences in volume 0
SUCCESS: formatted database /usr/local/scratch/temp_best_refs.fasta

========================[ Aug 4, 2010  3:01 PM ]========================
Version 2.2.15 [Oct-15-2006]
Started database file "/usr/local/scratch/temp_best_refs.fasta"
NOTE: CoreLib [002.003] FileOpen(".formatdbrc","r") failed
NOTE: CoreLib [002.003] FileOpen("/home/tstockwe/.formatdbrc","r") failed
NOTE: [000.000] No number of link bits used found in config  file. Ignoring
NOTE: [000.000] No number of membership bits used found in config file. Ignoring
Formatted 8 sequences in volume 0
SUCCESS: formatted database /usr/local/scratch/temp_best_refs.fasta

========================[ Aug 4, 2010  3:01 PM ]========================
Version 2.2.15 [Oct-15-2006]
Started database file "/usr/local/scratch/temp_best_refs.fasta"
NOTE: CoreLib [002.003] FileOpen(".formatdbrc","r") failed
NOTE: CoreLib [002.003] FileOpen("/home/tstockwe/.formatdbrc","r") failed
NOTE: [000.000] No number of link bits used found in config  file. Ignoring
NOTE: [000.000] No number of membership bits used found in config file. Ignoring
Formatted 8 sequences in volume 0
SUCCESS: formatted database /usr/local/scratch/temp_best_refs.fasta

========================[ Aug 4, 2010  3:02 PM ]========================
Version 2.2.15 [Oct-15-2006]
Started database file "/usr/local/scratch/temp_best_refs.fasta"
NOTE: CoreLib [002.003] FileOpen(".formatdbrc","r") failed
NOTE: CoreLib [002.003] FileOpen("/home/tstockwe/.formatdbrc","r") failed
NOTE: [000.000] No number of link bits used found in config  file. Ignoring
NOTE: [000.000] No number of membership bits used found in config file. Ignoring
Formatted 8 sequences in volume 0
SUCCESS: formatted database /usr/local/scratch/temp_best_refs.fasta

========================[ Aug 4, 2010  3:03 PM ]========================
Version 2.2.15 [Oct-15-2006]
Started database file "/usr/local/scratch/temp_best_refs.fasta"
NOTE: CoreLib [002.003] FileOpen(".formatdbrc","r") failed
NOTE: CoreLib [002.003] FileOpen("/home/tstockwe/.formatdbrc","r") failed
NOTE: [000.000] No number of link bits used found in config  file. Ignoring
NOTE: [000.000] No number of membership bits used found in config file. Ignoring
Formatted 8 sequences in volume 0
SUCCESS: formatted database /usr/local/scratch/temp_best_refs.fasta

========================[ Aug 4, 2010  3:04 PM ]========================
Version 2.2.15 [Oct-15-2006]
Started database file "/usr/local/scratch/temp_best_refs.fasta"
NOTE: CoreLib [002.003] FileOpen(".formatdbrc","r") failed
NOTE: CoreLib [002.003] FileOpen("/home/tstockwe/.formatdbrc","r") failed
NOTE: [000.000] No number of link bits used found in config  file. Ignoring
NOTE: [000.000] No number of membership bits used found in config file. Ignoring
Formatted 8 sequences in volume 0
SUCCESS: formatted database /usr/local/scratch/temp_best_refs.fasta

========================[ Aug 4, 2010  3:05 PM ]========================
Version 2.2.15 [Oct-15-2006]
Started database file "/usr/local/scratch/temp_best_refs.fasta"
NOTE: CoreLib [002.003] FileOpen(".formatdbrc","r") failed
NOTE: CoreLib [002.003] FileOpen("/home/tstockwe/.formatdbrc","r") failed
NOTE: [000.000] No number of link bits used found in config  file. Ignoring
NOTE: [000.000] No number of membership bits used found in config file. Ignoring
Formatted 8 sequences in volume 0
SUCCESS: formatted database /usr/local/scratch/temp_best_refs.fasta

========================[ Aug 4, 2010  3:06 PM ]========================
Version 2.2.15 [Oct-15-2006]
Started database file "/usr/local/scratch/temp_best_refs.fasta"
NOTE: CoreLib [002.003] FileOpen(".formatdbrc","r") failed
NOTE: CoreLib [002.003] FileOpen("/home/tstockwe/.formatdbrc","r") failed
NOTE: [000.000] No number of link bits used found in config  file. Ignoring
NOTE: [000.000] No number of membership bits used found in config file. Ignoring
Formatted 8 sequences in volume 0
SUCCESS: formatted database /usr/local/scratch/temp_best_refs.fasta

========================[ Aug 4, 2010  3:06 PM ]========================
Version 2.2.15 [Oct-15-2006]
Started database file "/usr/local/scratch/temp_best_refs.fasta"
NOTE: CoreLib [002.003] FileOpen(".formatdbrc","r") failed
NOTE: CoreLib [002.003] FileOpen("/home/tstockwe/.formatdbrc","r") failed
NOTE: [000.000] No number of link bits used found in config  file. Ignoring
NOTE: [000.000] No number of membership bits used found in config file. Ignoring
Formatted 8 sequences in volume 0
SUCCESS: formatted database /usr/local/scratch/temp_best_refs.fasta

========================[ Aug 4, 2010  3:07 PM ]========================
Version 2.2.15 [Oct-15-2006]
Started database file "/usr/local/scratch/temp_best_refs.fasta"
NOTE: CoreLib [002.003] FileOpen(".formatdbrc","r") failed
NOTE: CoreLib [002.003] FileOpen("/home/tstockwe/.formatdbrc","r") failed
NOTE: [000.000] No number of link bits used found in config  file. Ignoring
NOTE: [000.000] No number of membership bits used found in config file. Ignoring
Formatted 8 sequences in volume 0
SUCCESS: formatted database /usr/local/scratch/temp_best_refs.fasta

========================[ Aug 4, 2010  3:08 PM ]========================
Version 2.2.15 [Oct-15-2006]
Started database file "/usr/local/scratch/temp_best_refs.fasta"
NOTE: CoreLib [002.003] FileOpen(".formatdbrc","r") failed
NOTE: CoreLib [002.003] FileOpen("/home/tstockwe/.formatdbrc","r") failed
NOTE: [000.000] No number of link bits used found in config  file. Ignoring
NOTE: [000.000] No number of membership bits used found in config file. Ignoring
Formatted 8 sequences in volume 0
SUCCESS: formatted database /usr/local/scratch/temp_best_refs.fasta

========================[ Aug 4, 2010  3:09 PM ]========================
Version 2.2.15 [Oct-15-2006]
Started database file "/usr/local/scratch/temp_best_refs.fasta"
NOTE: CoreLib [002.003] FileOpen(".formatdbrc","r") failed
NOTE: CoreLib [002.003] FileOpen("/home/tstockwe/.formatdbrc","r") failed
NOTE: [000.000] No number of link bits used found in config  file. Ignoring
NOTE: [000.000] No number of membership bits used found in config file. Ignoring
Formatted 8 sequences in volume 0
SUCCESS: formatted database /usr/local/scratch/temp_best_refs.fasta

========================[ Aug 4, 2010  3:09 PM ]========================
Version 2.2.15 [Oct-15-2006]
Started database file "/usr/local/scratch/temp_best_refs.fasta"
NOTE: CoreLib [002.003] FileOpen(".formatdbrc","r") failed
NOTE: CoreLib [002.003] FileOpen("/home/tstockwe/.formatdbrc","r") failed
NOTE: [000.000] No number of link bits used found in config  file. Ignoring
NOTE: [000.000] No number of membership bits used found in config file. Ignoring
Formatted 8 sequences in volume 0
SUCCESS: formatted database /usr/local/scratch/temp_best_refs.fasta

========================[ Aug 4, 2010  3:10 PM ]========================
Version 2.2.15 [Oct-15-2006]
Started database file "/usr/local/scratch/temp_best_refs.fasta"
NOTE: CoreLib [002.003] FileOpen(".formatdbrc","r") failed
NOTE: CoreLib [002.003] FileOpen("/home/tstockwe/.formatdbrc","r") failed
NOTE: [000.000] No number of link bits used found in config  file. Ignoring
NOTE: [000.000] No number of membership bits used found in config file. Ignoring
Formatted 8 sequences in volume 0
SUCCESS: formatted database /usr/local/scratch/temp_best_refs.fasta

========================[ Aug 4, 2010  3:11 PM ]========================
Version 2.2.15 [Oct-15-2006]
Started database file "/usr/local/scratch/temp_best_refs.fasta"
NOTE: CoreLib [002.003] FileOpen(".formatdbrc","r") failed
NOTE: CoreLib [002.003] FileOpen("/home/tstockwe/.formatdbrc","r") failed
NOTE: [000.000] No number of link bits used found in config  file. Ignoring
NOTE: [000.000] No number of membership bits used found in config file. Ignoring
Formatted 8 sequences in volume 0
SUCCESS: formatted database /usr/local/scratch/temp_best_refs.fasta

========================[ Aug 4, 2010  3:11 PM ]========================
Version 2.2.15 [Oct-15-2006]
Started database file "/usr/local/scratch/temp_best_refs.fasta"
NOTE: CoreLib [002.003] FileOpen(".formatdbrc","r") failed
NOTE: CoreLib [002.003] FileOpen("/home/tstockwe/.formatdbrc","r") failed
NOTE: [000.000] No number of link bits used found in config  file. Ignoring
NOTE: [000.000] No number of membership bits used found in config file. Ignoring
Formatted 8 sequences in volume 0
SUCCESS: formatted database /usr/local/scratch/temp_best_refs.fasta

========================[ Aug 4, 2010  3:12 PM ]========================
Version 2.2.15 [Oct-15-2006]
Started database file "/usr/local/scratch/temp_best_refs.fasta"
NOTE: CoreLib [002.003] FileOpen(".formatdbrc","r") failed
NOTE: CoreLib [002.003] FileOpen("/home/tstockwe/.formatdbrc","r") failed
NOTE: [000.000] No number of link bits used found in config  file. Ignoring
NOTE: [000.000] No number of membership bits used found in config file. Ignoring
Formatted 8 sequences in volume 0
SUCCESS: formatted database /usr/local/scratch/temp_best_refs.fasta

========================[ Aug 4, 2010  3:13 PM ]========================
Version 2.2.15 [Oct-15-2006]
Started database file "/usr/local/scratch/temp_best_refs.fasta"
NOTE: CoreLib [002.003] FileOpen(".formatdbrc","r") failed
NOTE: CoreLib [002.003] FileOpen("/home/tstockwe/.formatdbrc","r") failed
NOTE: [000.000] No number of link bits used found in config  file. Ignoring
NOTE: [000.000] No number of membership bits used found in config file. Ignoring
Formatted 8 sequences in volume 0
SUCCESS: formatted database /usr/local/scratch/temp_best_refs.fasta

========================[ Aug 4, 2010  3:14 PM ]========================
Version 2.2.15 [Oct-15-2006]
Started database file "/usr/local/scratch/temp_best_refs.fasta"
NOTE: CoreLib [002.003] FileOpen(".formatdbrc","r") failed
NOTE: CoreLib [002.003] FileOpen("/home/tstockwe/.formatdbrc","r") failed
NOTE: [000.000] No number of link bits used found in config  file. Ignoring
NOTE: [000.000] No number of membership bits used found in config file. Ignoring
Formatted 8 sequences in volume 0
SUCCESS: formatted database /usr/local/scratch/temp_best_refs.fasta

========================[ Aug 4, 2010  3:14 PM ]========================
Version 2.2.15 [Oct-15-2006]
Started database file "/usr/local/scratch/temp_best_refs.fasta"
NOTE: CoreLib [002.003] FileOpen(".formatdbrc","r") failed
NOTE: CoreLib [002.003] FileOpen("/home/tstockwe/.formatdbrc","r") failed
NOTE: [000.000] No number of link bits used found in config  file. Ignoring
NOTE: [000.000] No number of membership bits used found in config file. Ignoring
Formatted 8 sequences in volume 0
SUCCESS: formatted database /usr/local/scratch/temp_best_refs.fasta

========================[ Aug 4, 2010  3:15 PM ]========================
Version 2.2.15 [Oct-15-2006]
Started database file "/usr/local/scratch/temp_best_refs.fasta"
NOTE: CoreLib [002.003] FileOpen(".formatdbrc","r") failed
NOTE: CoreLib [002.003] FileOpen("/home/tstockwe/.formatdbrc","r") failed
NOTE: [000.000] No number of link bits used found in config  file. Ignoring
NOTE: [000.000] No number of membership bits used found in config file. Ignoring
Formatted 8 sequences in volume 0
SUCCESS: formatted database /usr/local/scratch/temp_best_refs.fasta

========================[ Aug 4, 2010  3:16 PM ]========================
Version 2.2.15 [Oct-15-2006]
Started database file "/usr/local/scratch/temp_best_refs.fasta"
NOTE: CoreLib [002.003] FileOpen(".formatdbrc","r") failed
NOTE: CoreLib [002.003] FileOpen("/home/tstockwe/.formatdbrc","r") failed
NOTE: [000.000] No number of link bits used found in config  file. Ignoring
NOTE: [000.000] No number of membership bits used found in config file. Ignoring
Formatted 8 sequences in volume 0
SUCCESS: formatted database /usr/local/scratch/temp_best_refs.fasta

========================[ Aug 4, 2010  3:17 PM ]========================
Version 2.2.15 [Oct-15-2006]
Started database file "/usr/local/scratch/temp_best_refs.fasta"
NOTE: CoreLib [002.003] FileOpen(".formatdbrc","r") failed
NOTE: CoreLib [002.003] FileOpen("/home/tstockwe/.formatdbrc","r") failed
NOTE: [000.000] No number of link bits used found in config  file. Ignoring
NOTE: [000.000] No number of membership bits used found in config file. Ignoring
Formatted 8 sequences in volume 0
SUCCESS: formatted database /usr/local/scratch/temp_best_refs.fasta

========================[ Aug 4, 2010  3:18 PM ]========================
Version 2.2.15 [Oct-15-2006]
Started database file "/usr/local/scratch/temp_best_refs.fasta"
NOTE: CoreLib [002.003] FileOpen(".formatdbrc","r") failed
NOTE: CoreLib [002.003] FileOpen("/home/tstockwe/.formatdbrc","r") failed
NOTE: [000.000] No number of link bits used found in config  file. Ignoring
NOTE: [000.000] No number of membership bits used found in config file. Ignoring
Formatted 8 sequences in volume 0
SUCCESS: formatted database /usr/local/scratch/temp_best_refs.fasta

========================[ Aug 4, 2010  3:19 PM ]========================
Version 2.2.15 [Oct-15-2006]
Started database file "/usr/local/scratch/temp_best_refs.fasta"
NOTE: CoreLib [002.003] FileOpen(".formatdbrc","r") failed
NOTE: CoreLib [002.003] FileOpen("/home/tstockwe/.formatdbrc","r") failed
NOTE: [000.000] No number of link bits used found in config  file. Ignoring
NOTE: [000.000] No number of membership bits used found in config file. Ignoring
Formatted 8 sequences in volume 0
SUCCESS: formatted database /usr/local/scratch/temp_best_refs.fasta

========================[ Aug 4, 2010  3:19 PM ]========================
Version 2.2.15 [Oct-15-2006]
Started database file "/usr/local/scratch/temp_best_refs.fasta"
NOTE: CoreLib [002.003] FileOpen(".formatdbrc","r") failed
NOTE: CoreLib [002.003] FileOpen("/home/tstockwe/.formatdbrc","r") failed
NOTE: [000.000] No number of link bits used found in config  file. Ignoring
NOTE: [000.000] No number of membership bits used found in config file. Ignoring
Formatted 8 sequences in volume 0
SUCCESS: formatted database /usr/local/scratch/temp_best_refs.fasta

========================[ Aug 4, 2010  3:20 PM ]========================
Version 2.2.15 [Oct-15-2006]
Started database file "/usr/local/scratch/temp_best_refs.fasta"
NOTE: CoreLib [002.003] FileOpen(".formatdbrc","r") failed
NOTE: CoreLib [002.003] FileOpen("/home/tstockwe/.formatdbrc","r") failed
NOTE: [000.000] No number of link bits used found in config  file. Ignoring
NOTE: [000.000] No number of membership bits used found in config file. Ignoring
Formatted 8 sequences in volume 0
SUCCESS: formatted database /usr/local/scratch/temp_best_refs.fasta

========================[ Aug 4, 2010  3:21 PM ]========================
Version 2.2.15 [Oct-15-2006]
Started database file "/usr/local/scratch/temp_best_refs.fasta"
NOTE: CoreLib [002.003] FileOpen(".formatdbrc","r") failed
NOTE: CoreLib [002.003] FileOpen("/home/tstockwe/.formatdbrc","r") failed
NOTE: [000.000] No number of link bits used found in config  file. Ignoring
NOTE: [000.000] No number of membership bits used found in config file. Ignoring
Formatted 8 sequences in volume 0
SUCCESS: formatted database /usr/local/scratch/temp_best_refs.fasta

========================[ Aug 4, 2010  3:22 PM ]========================
Version 2.2.15 [Oct-15-2006]
Started database file "/usr/local/scratch/temp_best_refs.fasta"
NOTE: CoreLib [002.003] FileOpen(".formatdbrc","r") failed
NOTE: CoreLib [002.003] FileOpen("/home/tstockwe/.formatdbrc","r") failed
NOTE: [000.000] No number of link bits used found in config  file. Ignoring
NOTE: [000.000] No number of membership bits used found in config file. Ignoring
Formatted 8 sequences in volume 0
SUCCESS: formatted database /usr/local/scratch/temp_best_refs.fasta

========================[ Aug 4, 2010  3:23 PM ]========================
Version 2.2.15 [Oct-15-2006]
Started database file "/usr/local/scratch/temp_best_refs.fasta"
NOTE: CoreLib [002.003] FileOpen(".formatdbrc","r") failed
NOTE: CoreLib [002.003] FileOpen("/home/tstockwe/.formatdbrc","r") failed
NOTE: [000.000] No number of link bits used found in config  file. Ignoring
NOTE: [000.000] No number of membership bits used found in config file. Ignoring
Formatted 8 sequences in volume 0
SUCCESS: formatted database /usr/local/scratch/temp_best_refs.fasta

========================[ Aug 4, 2010  3:24 PM ]========================
Version 2.2.15 [Oct-15-2006]
Started database file "/usr/local/scratch/temp_best_refs.fasta"
NOTE: CoreLib [002.003] FileOpen(".formatdbrc","r") failed
NOTE: CoreLib [002.003] FileOpen("/home/tstockwe/.formatdbrc","r") failed
NOTE: [000.000] No number of link bits used found in config  file. Ignoring
NOTE: [000.000] No number of membership bits used found in config file. Ignoring
Formatted 8 sequences in volume 0
SUCCESS: formatted database /usr/local/scratch/temp_best_refs.fasta

========================[ Aug 4, 2010  3:25 PM ]========================
Version 2.2.15 [Oct-15-2006]
Started database file "/usr/local/scratch/temp_best_refs.fasta"
NOTE: CoreLib [002.003] FileOpen(".formatdbrc","r") failed
NOTE: CoreLib [002.003] FileOpen("/home/tstockwe/.formatdbrc","r") failed
NOTE: [000.000] No number of link bits used found in config  file. Ignoring
NOTE: [000.000] No number of membership bits used found in config file. Ignoring
Formatted 8 sequences in volume 0
SUCCESS: formatted database /usr/local/scratch/temp_best_refs.fasta

========================[ Aug 4, 2010  3:25 PM ]========================
Version 2.2.15 [Oct-15-2006]
Started database file "/usr/local/scratch/temp_best_refs.fasta"
NOTE: CoreLib [002.003] FileOpen(".formatdbrc","r") failed
NOTE: CoreLib [002.003] FileOpen("/home/tstockwe/.formatdbrc","r") failed
NOTE: [000.000] No number of link bits used found in config  file. Ignoring
NOTE: [000.000] No number of membership bits used found in config file. Ignoring
Formatted 8 sequences in volume 0
SUCCESS: formatted database /usr/local/scratch/temp_best_refs.fasta

========================[ Aug 4, 2010  3:27 PM ]========================
Version 2.2.15 [Oct-15-2006]
Started database file "/usr/local/scratch/temp_best_refs.fasta"
NOTE: CoreLib [002.003] FileOpen(".formatdbrc","r") failed
NOTE: CoreLib [002.003] FileOpen("/home/tstockwe/.formatdbrc","r") failed
NOTE: [000.000] No number of link bits used found in config  file. Ignoring
NOTE: [000.000] No number of membership bits used found in config file. Ignoring
Formatted 8 sequences in volume 0
SUCCESS: formatted database /usr/local/scratch/temp_best_refs.fasta

========================[ Aug 4, 2010  3:28 PM ]========================
Version 2.2.15 [Oct-15-2006]
Started database file "/usr/local/scratch/temp_best_refs.fasta"
NOTE: CoreLib [002.003] FileOpen(".formatdbrc","r") failed
NOTE: CoreLib [002.003] FileOpen("/home/tstockwe/.formatdbrc","r") failed
NOTE: [000.000] No number of link bits used found in config  file. Ignoring
NOTE: [000.000] No number of membership bits used found in config file. Ignoring
Formatted 8 sequences in volume 0
SUCCESS: formatted database /usr/local/scratch/temp_best_refs.fasta

========================[ Aug 4, 2010  3:28 PM ]========================
Version 2.2.15 [Oct-15-2006]
Started database file "/usr/local/scratch/temp_best_refs.fasta"
NOTE: CoreLib [002.003] FileOpen(".formatdbrc","r") failed
NOTE: CoreLib [002.003] FileOpen("/home/tstockwe/.formatdbrc","r") failed
NOTE: [000.000] No number of link bits used found in config  file. Ignoring
NOTE: [000.000] No number of membership bits used found in config file. Ignoring
Formatted 8 sequences in volume 0
SUCCESS: formatted database /usr/local/scratch/temp_best_refs.fasta

========================[ Aug 4, 2010  3:29 PM ]========================
Version 2.2.15 [Oct-15-2006]
Started database file "/usr/local/scratch/temp_best_refs.fasta"
NOTE: CoreLib [002.003] FileOpen(".formatdbrc","r") failed
NOTE: CoreLib [002.003] FileOpen("/home/tstockwe/.formatdbrc","r") failed
NOTE: [000.000] No number of link bits used found in config  file. Ignoring
NOTE: [000.000] No number of membership bits used found in config file. Ignoring
Formatted 8 sequences in volume 0
SUCCESS: formatted database /usr/local/scratch/temp_best_refs.fasta

========================[ Aug 4, 2010  3:31 PM ]========================
Version 2.2.15 [Oct-15-2006]
Started database file "/usr/local/scratch/temp_best_refs.fasta"
NOTE: CoreLib [002.003] FileOpen(".formatdbrc","r") failed
NOTE: CoreLib [002.003] FileOpen("/home/tstockwe/.formatdbrc","r") failed
NOTE: [000.000] No number of link bits used found in config  file. Ignoring
NOTE: [000.000] No number of membership bits used found in config file. Ignoring
Formatted 8 sequences in volume 0
SUCCESS: formatted database /usr/local/scratch/temp_best_refs.fasta

========================[ Aug 4, 2010  3:32 PM ]========================
Version 2.2.15 [Oct-15-2006]
Started database file "/usr/local/scratch/temp_best_refs.fasta"
NOTE: CoreLib [002.003] FileOpen(".formatdbrc","r") failed
NOTE: CoreLib [002.003] FileOpen("/home/tstockwe/.formatdbrc","r") failed
NOTE: [000.000] No number of link bits used found in config  file. Ignoring
NOTE: [000.000] No number of membership bits used found in config file. Ignoring
Formatted 8 sequences in volume 0
SUCCESS: formatted database /usr/local/scratch/temp_best_refs.fasta

========================[ Aug 4, 2010  3:33 PM ]========================
Version 2.2.15 [Oct-15-2006]
Started database file "/usr/local/scratch/temp_best_refs.fasta"
NOTE: CoreLib [002.003] FileOpen(".formatdbrc","r") failed
NOTE: CoreLib [002.003] FileOpen("/home/tstockwe/.formatdbrc","r") failed
NOTE: [000.000] No number of link bits used found in config  file. Ignoring
NOTE: [000.000] No number of membership bits used found in config file. Ignoring
Formatted 8 sequences in volume 0
SUCCESS: formatted database /usr/local/scratch/temp_best_refs.fasta

========================[ Aug 4, 2010  3:34 PM ]========================
Version 2.2.15 [Oct-15-2006]
Started database file "/usr/local/scratch/temp_best_refs.fasta"
NOTE: CoreLib [002.003] FileOpen(".formatdbrc","r") failed
NOTE: CoreLib [002.003] FileOpen("/home/tstockwe/.formatdbrc","r") failed
NOTE: [000.000] No number of link bits used found in config  file. Ignoring
NOTE: [000.000] No number of membership bits used found in config file. Ignoring
Formatted 8 sequences in volume 0
SUCCESS: formatted database /usr/local/scratch/temp_best_refs.fasta

========================[ Aug 4, 2010  3:35 PM ]========================
Version 2.2.15 [Oct-15-2006]
Started database file "/usr/local/scratch/temp_best_refs.fasta"
NOTE: CoreLib [002.003] FileOpen(".formatdbrc","r") failed
NOTE: CoreLib [002.003] FileOpen("/home/tstockwe/.formatdbrc","r") failed
NOTE: [000.000] No number of link bits used found in config  file. Ignoring
NOTE: [000.000] No number of membership bits used found in config file. Ignoring
Formatted 8 sequences in volume 0
SUCCESS: formatted database /usr/local/scratch/temp_best_refs.fasta

========================[ Aug 4, 2010  3:35 PM ]========================
Version 2.2.15 [Oct-15-2006]
Started database file "/usr/local/scratch/temp_best_refs.fasta"
NOTE: CoreLib [002.003] FileOpen(".formatdbrc","r") failed
NOTE: CoreLib [002.003] FileOpen("/home/tstockwe/.formatdbrc","r") failed
NOTE: [000.000] No number of link bits used found in config  file. Ignoring
NOTE: [000.000] No number of membership bits used found in config file. Ignoring
Formatted 8 sequences in volume 0
SUCCESS: formatted database /usr/local/scratch/temp_best_refs.fasta

========================[ Aug 4, 2010  3:36 PM ]========================
Version 2.2.15 [Oct-15-2006]
Started database file "/usr/local/scratch/temp_best_refs.fasta"
NOTE: CoreLib [002.003] FileOpen(".formatdbrc","r") failed
NOTE: CoreLib [002.003] FileOpen("/home/tstockwe/.formatdbrc","r") failed
NOTE: [000.000] No number of link bits used found in config  file. Ignoring
NOTE: [000.000] No number of membership bits used found in config file. Ignoring
Formatted 8 sequences in volume 0
SUCCESS: formatted database /usr/local/scratch/temp_best_refs.fasta

========================[ Aug 4, 2010  3:37 PM ]========================
Version 2.2.15 [Oct-15-2006]
Started database file "/usr/local/scratch/temp_best_refs.fasta"
NOTE: CoreLib [002.003] FileOpen(".formatdbrc","r") failed
NOTE: CoreLib [002.003] FileOpen("/home/tstockwe/.formatdbrc","r") failed
NOTE: [000.000] No number of link bits used found in config  file. Ignoring
NOTE: [000.000] No number of membership bits used found in config file. Ignoring
Formatted 1 sequences in volume 0
SUCCESS: formatted database /usr/local/scratch/temp_best_refs.fasta

========================[ Aug 4, 2010  3:37 PM ]========================
Version 2.2.15 [Oct-15-2006]
Started database file "/usr/local/scratch/temp_best_refs.fasta"
NOTE: CoreLib [002.003] FileOpen(".formatdbrc","r") failed
NOTE: CoreLib [002.003] FileOpen("/home/tstockwe/.formatdbrc","r") failed
NOTE: [000.000] No number of link bits used found in config  file. Ignoring
NOTE: [000.000] No number of membership bits used found in config file. Ignoring
Formatted 8 sequences in volume 0
SUCCESS: formatted database /usr/local/scratch/temp_best_refs.fasta

========================[ Aug 4, 2010  3:37 PM ]========================
Version 2.2.15 [Oct-15-2006]
Started database file "/usr/local/scratch/temp_best_refs.fasta"
NOTE: CoreLib [002.003] FileOpen(".formatdbrc","r") failed
NOTE: CoreLib [002.003] FileOpen("/home/tstockwe/.formatdbrc","r") failed
NOTE: [000.000] No number of link bits used found in config  file. Ignoring
NOTE: [000.000] No number of membership bits used found in config file. Ignoring
Formatted 8 sequences in volume 0
SUCCESS: formatted database /usr/local/scratch/temp_best_refs.fasta

========================[ Aug 4, 2010  3:38 PM ]========================
Version 2.2.15 [Oct-15-2006]
Started database file "/usr/local/scratch/temp_best_refs.fasta"
NOTE: CoreLib [002.003] FileOpen(".formatdbrc","r") failed
NOTE: CoreLib [002.003] FileOpen("/home/tstockwe/.formatdbrc","r") failed
NOTE: [000.000] No number of link bits used found in config  file. Ignoring
NOTE: [000.000] No number of membership bits used found in config file. Ignoring
Formatted 8 sequences in volume 0
SUCCESS: formatted database /usr/local/scratch/temp_best_refs.fasta

========================[ Aug 4, 2010  3:39 PM ]========================
Version 2.2.15 [Oct-15-2006]
Started database file "/usr/local/scratch/temp_best_refs.fasta"
NOTE: CoreLib [002.003] FileOpen(".formatdbrc","r") failed
NOTE: CoreLib [002.003] FileOpen("/home/tstockwe/.formatdbrc","r") failed
NOTE: [000.000] No number of link bits used found in config  file. Ignoring
NOTE: [000.000] No number of membership bits used found in config file. Ignoring
Formatted 8 sequences in volume 0
SUCCESS: formatted database /usr/local/scratch/temp_best_refs.fasta

========================[ Aug 4, 2010  3:40 PM ]========================
Version 2.2.15 [Oct-15-2006]
Started database file "/usr/local/scratch/temp_best_refs.fasta"
NOTE: CoreLib [002.003] FileOpen(".formatdbrc","r") failed
NOTE: CoreLib [002.003] FileOpen("/home/tstockwe/.formatdbrc","r") failed
NOTE: [000.000] No number of link bits used found in config  file. Ignoring
NOTE: [000.000] No number of membership bits used found in config file. Ignoring
Formatted 8 sequences in volume 0
SUCCESS: formatted database /usr/local/scratch/temp_best_refs.fasta

========================[ Aug 4, 2010  3:41 PM ]========================
Version 2.2.15 [Oct-15-2006]
Started database file "/usr/local/scratch/temp_best_refs.fasta"
NOTE: CoreLib [002.003] FileOpen(".formatdbrc","r") failed
NOTE: CoreLib [002.003] FileOpen("/home/tstockwe/.formatdbrc","r") failed
NOTE: [000.000] No number of link bits used found in config  file. Ignoring
NOTE: [000.000] No number of membership bits used found in config file. Ignoring
Formatted 8 sequences in volume 0
SUCCESS: formatted database /usr/local/scratch/temp_best_refs.fasta

========================[ Aug 4, 2010  3:42 PM ]========================
Version 2.2.15 [Oct-15-2006]
Started database file "/usr/local/scratch/temp_best_refs.fasta"
NOTE: CoreLib [002.003] FileOpen(".formatdbrc","r") failed
NOTE: CoreLib [002.003] FileOpen("/home/tstockwe/.formatdbrc","r") failed
NOTE: [000.000] No number of link bits used found in config  file. Ignoring
NOTE: [000.000] No number of membership bits used found in config file. Ignoring
Formatted 8 sequences in volume 0
SUCCESS: formatted database /usr/local/scratch/temp_best_refs.fasta

========================[ Aug 4, 2010  3:43 PM ]========================
Version 2.2.15 [Oct-15-2006]
Started database file "/usr/local/scratch/temp_best_refs.fasta"
NOTE: CoreLib [002.003] FileOpen(".formatdbrc","r") failed
NOTE: CoreLib [002.003] FileOpen("/home/tstockwe/.formatdbrc","r") failed
NOTE: [000.000] No number of link bits used found in config  file. Ignoring
NOTE: [000.000] No number of membership bits used found in config file. Ignoring
Formatted 8 sequences in volume 0
SUCCESS: formatted database /usr/local/scratch/temp_best_refs.fasta

========================[ Aug 4, 2010  3:44 PM ]========================
Version 2.2.15 [Oct-15-2006]
Started database file "/usr/local/scratch/temp_best_refs.fasta"
NOTE: CoreLib [002.003] FileOpen(".formatdbrc","r") failed
NOTE: CoreLib [002.003] FileOpen("/home/tstockwe/.formatdbrc","r") failed
NOTE: [000.000] No number of link bits used found in config  file. Ignoring
NOTE: [000.000] No number of membership bits used found in config file. Ignoring
Formatted 8 sequences in volume 0
SUCCESS: formatted database /usr/local/scratch/temp_best_refs.fasta

========================[ Aug 4, 2010  3:45 PM ]========================
Version 2.2.15 [Oct-15-2006]
Started database file "/usr/local/scratch/temp_best_refs.fasta"
NOTE: CoreLib [002.003] FileOpen(".formatdbrc","r") failed
NOTE: CoreLib [002.003] FileOpen("/home/tstockwe/.formatdbrc","r") failed
NOTE: [000.000] No number of link bits used found in config  file. Ignoring
NOTE: [000.000] No number of membership bits used found in config file. Ignoring
Formatted 8 sequences in volume 0
SUCCESS: formatted database /usr/local/scratch/temp_best_refs.fasta

========================[ Aug 4, 2010  3:46 PM ]========================
Version 2.2.15 [Oct-15-2006]
Started database file "/usr/local/scratch/temp_best_refs.fasta"
NOTE: CoreLib [002.003] FileOpen(".formatdbrc","r") failed
NOTE: CoreLib [002.003] FileOpen("/home/tstockwe/.formatdbrc","r") failed
NOTE: [000.000] No number of link bits used found in config  file. Ignoring
NOTE: [000.000] No number of membership bits used found in config file. Ignoring
Formatted 8 sequences in volume 0
SUCCESS: formatted database /usr/local/scratch/temp_best_refs.fasta

========================[ Aug 4, 2010  3:51 PM ]========================
Version 2.2.15 [Oct-15-2006]
Started database file "/usr/local/scratch/temp_best_refs.fasta"
NOTE: CoreLib [002.003] FileOpen(".formatdbrc","r") failed
NOTE: CoreLib [002.003] FileOpen("/home/tstockwe/.formatdbrc","r") failed
NOTE: [000.000] No number of link bits used found in config  file. Ignoring
NOTE: [000.000] No number of membership bits used found in config file. Ignoring
Formatted 8 sequences in volume 0
SUCCESS: formatted database /usr/local/scratch/temp_best_refs.fasta

========================[ Aug 4, 2010  3:52 PM ]========================
Version 2.2.15 [Oct-15-2006]
Started database file "/usr/local/scratch/temp_best_refs.fasta"
NOTE: CoreLib [002.003] FileOpen(".formatdbrc","r") failed
NOTE: CoreLib [002.003] FileOpen("/home/tstockwe/.formatdbrc","r") failed
NOTE: [000.000] No number of link bits used found in config  file. Ignoring
NOTE: [000.000] No number of membership bits used found in config file. Ignoring
Formatted 8 sequences in volume 0
SUCCESS: formatted database /usr/local/scratch/temp_best_refs.fasta

========================[ Aug 4, 2010  3:53 PM ]========================
Version 2.2.15 [Oct-15-2006]
Started database file "/usr/local/scratch/temp_best_refs.fasta"
NOTE: CoreLib [002.003] FileOpen(".formatdbrc","r") failed
NOTE: CoreLib [002.003] FileOpen("/home/tstockwe/.formatdbrc","r") failed
NOTE: [000.000] No number of link bits used found in config  file. Ignoring
NOTE: [000.000] No number of membership bits used found in config file. Ignoring
Formatted 8 sequences in volume 0
SUCCESS: formatted database /usr/local/scratch/temp_best_refs.fasta

========================[ Aug 4, 2010  3:54 PM ]========================
Version 2.2.15 [Oct-15-2006]
Started database file "/usr/local/scratch/temp_best_refs.fasta"
NOTE: CoreLib [002.003] FileOpen(".formatdbrc","r") failed
NOTE: CoreLib [002.003] FileOpen("/home/tstockwe/.formatdbrc","r") failed
NOTE: [000.000] No number of link bits used found in config  file. Ignoring
NOTE: [000.000] No number of membership bits used found in config file. Ignoring
Formatted 8 sequences in volume 0
SUCCESS: formatted database /usr/local/scratch/temp_best_refs.fasta

========================[ Aug 4, 2010  3:55 PM ]========================
Version 2.2.15 [Oct-15-2006]
Started database file "/usr/local/scratch/temp_best_refs.fasta"
NOTE: CoreLib [002.003] FileOpen(".formatdbrc","r") failed
NOTE: CoreLib [002.003] FileOpen("/home/tstockwe/.formatdbrc","r") failed
NOTE: [000.000] No number of link bits used found in config  file. Ignoring
NOTE: [000.000] No number of membership bits used found in config file. Ignoring
Formatted 8 sequences in volume 0
SUCCESS: formatted database /usr/local/scratch/temp_best_refs.fasta

========================[ Aug 4, 2010  3:55 PM ]========================
Version 2.2.15 [Oct-15-2006]
Started database file "/usr/local/scratch/temp_best_refs.fasta"
NOTE: CoreLib [002.003] FileOpen(".formatdbrc","r") failed
NOTE: CoreLib [002.003] FileOpen("/home/tstockwe/.formatdbrc","r") failed
NOTE: [000.000] No number of link bits used found in config  file. Ignoring
NOTE: [000.000] No number of membership bits used found in config file. Ignoring
Formatted 8 sequences in volume 0
SUCCESS: formatted database /usr/local/scratch/temp_best_refs.fasta

========================[ Aug 4, 2010  3:56 PM ]========================
Version 2.2.15 [Oct-15-2006]
Started database file "/usr/local/scratch/temp_best_refs.fasta"
NOTE: CoreLib [002.003] FileOpen(".formatdbrc","r") failed
NOTE: CoreLib [002.003] FileOpen("/home/tstockwe/.formatdbrc","r") failed
NOTE: [000.000] No number of link bits used found in config  file. Ignoring
NOTE: [000.000] No number of membership bits used found in config file. Ignoring
Formatted 8 sequences in volume 0
SUCCESS: formatted database /usr/local/scratch/temp_best_refs.fasta

========================[ Aug 4, 2010  3:57 PM ]========================
Version 2.2.15 [Oct-15-2006]
Started database file "/usr/local/scratch/temp_best_refs.fasta"
NOTE: CoreLib [002.003] FileOpen(".formatdbrc","r") failed
NOTE: CoreLib [002.003] FileOpen("/home/tstockwe/.formatdbrc","r") failed
NOTE: [000.000] No number of link bits used found in config  file. Ignoring
NOTE: [000.000] No number of membership bits used found in config file. Ignoring
Formatted 8 sequences in volume 0
SUCCESS: formatted database /usr/local/scratch/temp_best_refs.fasta

========================[ Aug 4, 2010  3:57 PM ]========================
Version 2.2.15 [Oct-15-2006]
Started database file "/usr/local/scratch/temp_best_refs.fasta"
NOTE: CoreLib [002.003] FileOpen(".formatdbrc","r") failed
NOTE: CoreLib [002.003] FileOpen("/home/tstockwe/.formatdbrc","r") failed
NOTE: [000.000] No number of link bits used found in config  file. Ignoring
NOTE: [000.000] No number of membership bits used found in config file. Ignoring
Formatted 8 sequences in volume 0
SUCCESS: formatted database /usr/local/scratch/temp_best_refs.fasta

========================[ Aug 4, 2010  3:58 PM ]========================
Version 2.2.15 [Oct-15-2006]
Started database file "/usr/local/scratch/temp_best_refs.fasta"
NOTE: CoreLib [002.003] FileOpen(".formatdbrc","r") failed
NOTE: CoreLib [002.003] FileOpen("/home/tstockwe/.formatdbrc","r") failed
NOTE: [000.000] No number of link bits used found in config  file. Ignoring
NOTE: [000.000] No number of membership bits used found in config file. Ignoring
Formatted 8 sequences in volume 0
SUCCESS: formatted database /usr/local/scratch/temp_best_refs.fasta

========================[ Aug 4, 2010  4:00 PM ]========================
Version 2.2.15 [Oct-15-2006]
Started database file "/usr/local/scratch/temp_best_refs.fasta"
NOTE: CoreLib [002.003] FileOpen(".formatdbrc","r") failed
NOTE: CoreLib [002.003] FileOpen("/home/tstockwe/.formatdbrc","r") failed
NOTE: [000.000] No number of link bits used found in config  file. Ignoring
NOTE: [000.000] No number of membership bits used found in config file. Ignoring
Formatted 8 sequences in volume 0
SUCCESS: formatted database /usr/local/scratch/temp_best_refs.fasta

========================[ Aug 4, 2010  4:00 PM ]========================
Version 2.2.15 [Oct-15-2006]
Started database file "/usr/local/scratch/temp_best_refs.fasta"
NOTE: CoreLib [002.003] FileOpen(".formatdbrc","r") failed
NOTE: CoreLib [002.003] FileOpen("/home/tstockwe/.formatdbrc","r") failed
NOTE: [000.000] No number of link bits used found in config  file. Ignoring
NOTE: [000.000] No number of membership bits used found in config file. Ignoring
Formatted 8 sequences in volume 0
SUCCESS: formatted database /usr/local/scratch/temp_best_refs.fasta

========================[ Aug 4, 2010  4:01 PM ]========================
Version 2.2.15 [Oct-15-2006]
Started database file "/usr/local/scratch/temp_best_refs.fasta"
NOTE: CoreLib [002.003] FileOpen(".formatdbrc","r") failed
NOTE: CoreLib [002.003] FileOpen("/home/tstockwe/.formatdbrc","r") failed
NOTE: [000.000] No number of link bits used found in config  file. Ignoring
NOTE: [000.000] No number of membership bits used found in config file. Ignoring
Formatted 8 sequences in volume 0
SUCCESS: formatted database /usr/local/scratch/temp_best_refs.fasta

========================[ Aug 4, 2010  4:02 PM ]========================
Version 2.2.15 [Oct-15-2006]
Started database file "/usr/local/scratch/temp_best_refs.fasta"
NOTE: CoreLib [002.003] FileOpen(".formatdbrc","r") failed
NOTE: CoreLib [002.003] FileOpen("/home/tstockwe/.formatdbrc","r") failed
NOTE: [000.000] No number of link bits used found in config  file. Ignoring
NOTE: [000.000] No number of membership bits used found in config file. Ignoring
Formatted 8 sequences in volume 0
SUCCESS: formatted database /usr/local/scratch/temp_best_refs.fasta

========================[ Aug 4, 2010  4:02 PM ]========================
Version 2.2.15 [Oct-15-2006]
Started database file "/usr/local/scratch/temp_best_refs.fasta"
NOTE: CoreLib [002.003] FileOpen(".formatdbrc","r") failed
NOTE: CoreLib [002.003] FileOpen("/home/tstockwe/.formatdbrc","r") failed
NOTE: [000.000] No number of link bits used found in config  file. Ignoring
NOTE: [000.000] No number of membership bits used found in config file. Ignoring
Formatted 8 sequences in volume 0
SUCCESS: formatted database /usr/local/scratch/temp_best_refs.fasta

========================[ Mar 1, 2011  7:05 PM ]========================
Version 2.2.16 [Mar-25-2007]
Started database file "/usr/local/projects/VHTNGS/sample_data_new/barda/BARDA/35796/merged_sanger/barda_BARDA_35796.fasta"
NOTE: CoreLib [002.003] FileOpen(".formatdbrc","r") failed
NOTE: CoreLib [002.003] FileOpen("/home/tstockwe/.formatdbrc","r") failed
NOTE: [000.000] No number of link bits used found in config  file. Ignoring
NOTE: [000.000] No number of membership bits used found in config file. Ignoring
Formatted 25 sequences in volume 0
SUCCESS: formatted database /usr/local/projects/VHTNGS/sample_data_new/barda/BARDA/35796/merged_sanger/barda_BARDA_35796.fasta

========================[ Mar 1, 2011  7:16 PM ]========================
Version 2.2.16 [Mar-25-2007]
Started database file "/usr/local/projects/VHTNGS/sample_data_new/barda/BARDA/35794/merged_sanger/barda_BARDA_35794.fasta"
NOTE: CoreLib [002.003] FileOpen(".formatdbrc","r") failed
NOTE: CoreLib [002.003] FileOpen("/home/tstockwe/.formatdbrc","r") failed
NOTE: [000.000] No number of link bits used found in config  file. Ignoring
NOTE: [000.000] No number of membership bits used found in config file. Ignoring
Formatted 128 sequences in volume 0
SUCCESS: formatted database /usr/local/projects/VHTNGS/sample_data_new/barda/BARDA/35794/merged_sanger/barda_BARDA_35794.fasta

========================[ Mar 1, 2011  7:16 PM ]========================
Version 2.2.16 [Mar-25-2007]
Started database file "/usr/local/projects/VHTNGS/sample_data_new/barda/BARDA/35795/merged_sanger/barda_BARDA_35795.fasta"
NOTE: CoreLib [002.003] FileOpen(".formatdbrc","r") failed
NOTE: CoreLib [002.003] FileOpen("/home/tstockwe/.formatdbrc","r") failed
NOTE: [000.000] No number of link bits used found in config  file. Ignoring
NOTE: [000.000] No number of membership bits used found in config file. Ignoring
Formatted 126 sequences in volume 0
SUCCESS: formatted database /usr/local/projects/VHTNGS/sample_data_new/barda/BARDA/35795/merged_sanger/barda_BARDA_35795.fasta

========================[ Mar 1, 2011  7:16 PM ]========================
Version 2.2.16 [Mar-25-2007]
Started database file "/usr/local/projects/VHTNGS/sample_data_new/barda/BARDA/35796/merged_sanger/barda_BARDA_35796.fasta"
NOTE: CoreLib [002.003] FileOpen(".formatdbrc","r") failed
NOTE: CoreLib [002.003] FileOpen("/home/tstockwe/.formatdbrc","r") failed
NOTE: [000.000] No number of link bits used found in config  file. Ignoring
NOTE: [000.000] No number of membership bits used found in config file. Ignoring
Formatted 25 sequences in volume 0
SUCCESS: formatted database /usr/local/projects/VHTNGS/sample_data_new/barda/BARDA/35796/merged_sanger/barda_BARDA_35796.fasta

========================[ Mar 1, 2011  7:16 PM ]========================
Version 2.2.16 [Mar-25-2007]
Started database file "/usr/local/projects/VHTNGS/sample_data_new/barda/BARDA/35797/merged_sanger/barda_BARDA_35797.fasta"
NOTE: CoreLib [002.003] FileOpen(".formatdbrc","r") failed
NOTE: CoreLib [002.003] FileOpen("/home/tstockwe/.formatdbrc","r") failed
NOTE: [000.000] No number of link bits used found in config  file. Ignoring
NOTE: [000.000] No number of membership bits used found in config file. Ignoring
Formatted 26 sequences in volume 0
SUCCESS: formatted database /usr/local/projects/VHTNGS/sample_data_new/barda/BARDA/35797/merged_sanger/barda_BARDA_35797.fasta

========================[ May 16, 2011  1:29 PM ]========================
Version 2.2.16 [Mar-25-2007]
Started database file "/usr/local/projects/VHTNGS/sample_data_new/barda/BARDA02/35886/merged_sanger/barda_BARDA02_35886.fasta"
NOTE: CoreLib [002.003] FileOpen(".formatdbrc","r") failed
NOTE: CoreLib [002.003] FileOpen("/home/tstockwe/.formatdbrc","r") failed
NOTE: [000.000] No number of link bits used found in config  file. Ignoring
NOTE: [000.000] No number of membership bits used found in config file. Ignoring
Formatted 279 sequences in volume 0
SUCCESS: formatted database /usr/local/projects/VHTNGS/sample_data_new/barda/BARDA02/35886/merged_sanger/barda_BARDA02_35886.fasta

========================[ May 16, 2011  1:29 PM ]========================
Version 2.2.16 [Mar-25-2007]
Started database file "/usr/local/projects/VHTNGS/sample_data_new/barda/BARDA02/35887/merged_sanger/barda_BARDA02_35887.fasta"
NOTE: CoreLib [002.003] FileOpen(".formatdbrc","r") failed
NOTE: CoreLib [002.003] FileOpen("/home/tstockwe/.formatdbrc","r") failed
NOTE: [000.000] No number of link bits used found in config  file. Ignoring
NOTE: [000.000] No number of membership bits used found in config file. Ignoring
Formatted 187 sequences in volume 0
SUCCESS: formatted database /usr/local/projects/VHTNGS/sample_data_new/barda/BARDA02/35887/merged_sanger/barda_BARDA02_35887.fasta

========================[ May 16, 2011  1:30 PM ]========================
Version 2.2.16 [Mar-25-2007]
Started database file "/usr/local/projects/VHTNGS/sample_data_new/barda/BARDA02/35888/merged_sanger/barda_BARDA02_35888.fasta"
NOTE: CoreLib [002.003] FileOpen(".formatdbrc","r") failed
NOTE: CoreLib [002.003] FileOpen("/home/tstockwe/.formatdbrc","r") failed
NOTE: [000.000] No number of link bits used found in config  file. Ignoring
NOTE: [000.000] No number of membership bits used found in config file. Ignoring
Formatted 199 sequences in volume 0
SUCCESS: formatted database /usr/local/projects/VHTNGS/sample_data_new/barda/BARDA02/35888/merged_sanger/barda_BARDA02_35888.fasta

========================[ May 16, 2011  1:30 PM ]========================
Version 2.2.16 [Mar-25-2007]
Started database file "/usr/local/projects/VHTNGS/sample_data_new/barda/BARDA02/35889/merged_sanger/barda_BARDA02_35889.fasta"
NOTE: CoreLib [002.003] FileOpen(".formatdbrc","r") failed
NOTE: CoreLib [002.003] FileOpen("/home/tstockwe/.formatdbrc","r") failed
NOTE: [000.000] No number of link bits used found in config  file. Ignoring
NOTE: [000.000] No number of membership bits used found in config file. Ignoring
Formatted 221 sequences in volume 0
SUCCESS: formatted database /usr/local/projects/VHTNGS/sample_data_new/barda/BARDA02/35889/merged_sanger/barda_BARDA02_35889.fasta

========================[ May 16, 2011  1:31 PM ]========================
Version 2.2.16 [Mar-25-2007]
Started database file "/usr/local/projects/VHTNGS/sample_data_new/barda/BARDA02/35890/merged_sanger/barda_BARDA02_35890.fasta"
NOTE: CoreLib [002.003] FileOpen(".formatdbrc","r") failed
NOTE: CoreLib [002.003] FileOpen("/home/tstockwe/.formatdbrc","r") failed
NOTE: [000.000] No number of link bits used found in config  file. Ignoring
NOTE: [000.000] No number of membership bits used found in config file. Ignoring
Formatted 223 sequences in volume 0
SUCCESS: formatted database /usr/local/projects/VHTNGS/sample_data_new/barda/BARDA02/35890/merged_sanger/barda_BARDA02_35890.fasta
